14:18:09 INFO  : Registering command handlers for Vitis TCF services
14:18:09 INFO  : Launching XSCT server: xsct.bat -n  -interactive F:\Xilinx\Projects\gif402-amorce-projet-main\travail\temp_xsdb_launch_script.tcl
14:18:11 INFO  : Platform repository initialization has completed.
14:18:11 INFO  : XSCT server has started successfully.
14:18:13 INFO  : plnx-install-location is set to ''
14:18:13 INFO  : Successfully done setting XSCT server connection channel  
14:18:13 INFO  : Successfully done query RDI_DATADIR 
14:18:13 INFO  : Successfully done setting workspace for the tool. 
14:18:41 INFO  : Platform 'atelier4_wrapper' is added to custom repositories.
11:13:43 INFO  : Launching XSCT server: xsct.bat -n  -interactive F:\Xilinx\Projects\gif402-amorce-projet-main\travail\temp_xsdb_launch_script.tcl
11:13:45 INFO  : XSCT server has started successfully.
11:13:45 INFO  : Successfully done setting XSCT server connection channel  
11:13:45 INFO  : plnx-install-location is set to ''
11:13:45 INFO  : Successfully done setting workspace for the tool. 
11:13:46 INFO  : Platform repository initialization has completed.
11:13:46 INFO  : Registering command handlers for Vitis TCF services
11:13:49 INFO  : Successfully done query RDI_DATADIR 
11:16:14 INFO  : Result from executing command 'getProjects': atelier4_wrapper
11:16:14 INFO  : Result from executing command 'getPlatforms': atelier4_wrapper|F:/Xilinx/Projects/gif402-amorce-projet-main/travail/atelier4_wrapper/export/atelier4_wrapper/atelier4_wrapper.xpfm
11:16:14 INFO  : Checking for BSP changes to sync application flags for project 'project'...
11:23:11 INFO  : Result from executing command 'getProjects': atelier4_wrapper
11:23:11 INFO  : Result from executing command 'getPlatforms': atelier4_wrapper|F:/Xilinx/Projects/gif402-amorce-projet-main/travail/atelier4_wrapper/export/atelier4_wrapper/atelier4_wrapper.xpfm
11:24:32 INFO  : Checking for BSP changes to sync application flags for project 'project'...
11:24:46 INFO  : Connected to target on host '127.0.0.1' and port '3121'.
11:24:47 INFO  : Jtag cable 'Digilent Zybo Z7 210351A77E63A' is selected.
11:24:47 INFO  : 'jtag frequency' command is executed.
11:24:47 INFO  : Context for 'APU' is selected.
11:24:47 INFO  : System reset is completed.
11:24:50 INFO  : 'after 3000' command is executed.
11:24:50 INFO  : 'targets -set -filter {jtag_cable_name =~ "Digilent Zybo Z7 210351A77E63A" && level==0 && jtag_device_ctx=="jsn-Zybo Z7-210351A77E63A-13722093-0"}' command is executed.
11:24:51 INFO  : Device configured successfully with "F:/Xilinx/Projects/gif402-amorce-projet-main/travail/project/_ide/bitstream/atelier4_wrapper.bit"
11:24:51 INFO  : Context for 'APU' is selected.
11:24:51 INFO  : Hardware design and registers information is loaded from 'F:/Xilinx/Projects/gif402-amorce-projet-main/travail/atelier4_wrapper/export/atelier4_wrapper/hw/atelier4_wrapper.xsa'.
11:24:51 INFO  : 'configparams force-mem-access 1' command is executed.
11:24:51 INFO  : Context for 'APU' is selected.
11:24:51 INFO  : Sourcing of 'F:/Xilinx/Projects/gif402-amorce-projet-main/travail/project/_ide/psinit/ps7_init.tcl' is done.
11:24:51 INFO  : 'ps7_init' command is executed.
11:24:51 INFO  : 'ps7_post_config' command is executed.
11:24:51 INFO  : Context for processor 'ps7_cortexa9_0' is selected.
11:24:52 INFO  : The application 'F:/Xilinx/Projects/gif402-amorce-projet-main/travail/project/Debug/project.elf' is downloaded to processor 'ps7_cortexa9_0'.
11:24:52 INFO  : 'configparams force-mem-access 0' command is executed.
11:24:52 INFO  : ----------------XSDB Script----------------
connect -url tcp:127.0.0.1:3121
targets -set -nocase -filter {name =~"APU*"}
rst -system
after 3000
targets -set -filter {jtag_cable_name =~ "Digilent Zybo Z7 210351A77E63A" && level==0 && jtag_device_ctx=="jsn-Zybo Z7-210351A77E63A-13722093-0"}
fpga -file F:/Xilinx/Projects/gif402-amorce-projet-main/travail/project/_ide/bitstream/atelier4_wrapper.bit
targets -set -nocase -filter {name =~"APU*"}
loadhw -hw F:/Xilinx/Projects/gif402-amorce-projet-main/travail/atelier4_wrapper/export/atelier4_wrapper/hw/atelier4_wrapper.xsa -mem-ranges [list {0x40000000 0xbfffffff}] -regs
configparams force-mem-access 1
targets -set -nocase -filter {name =~"APU*"}
source F:/Xilinx/Projects/gif402-amorce-projet-main/travail/project/_ide/psinit/ps7_init.tcl
ps7_init
ps7_post_config
targets -set -nocase -filter {name =~ "*A9*#0"}
dow F:/Xilinx/Projects/gif402-amorce-projet-main/travail/project/Debug/project.elf
configparams force-mem-access 0
----------------End of Script----------------

11:24:52 INFO  : Context for processor 'ps7_cortexa9_0' is selected.
11:24:52 INFO  : 'con' command is executed.
11:24:52 INFO  : ----------------XSDB Script (After Launch)----------------
targets -set -nocase -filter {name =~ "*A9*#0"}
con
----------------End of Script----------------

11:24:52 INFO  : Launch script is exported to file 'F:\Xilinx\Projects\gif402-amorce-projet-main\travail\project_system\_ide\scripts\systemdebugger_project_system_1_standalone.tcl'
11:53:45 INFO  : Checking for BSP changes to sync application flags for project 'project'...
11:54:06 INFO  : Disconnected from the channel tcfchan#5.
11:54:07 INFO  : Connected to target on host '127.0.0.1' and port '3121'.
11:54:07 INFO  : Jtag cable 'Digilent Zybo Z7 210351A77E63A' is selected.
11:54:07 INFO  : 'jtag frequency' command is executed.
11:54:07 INFO  : Context for 'APU' is selected.
11:54:07 INFO  : System reset is completed.
11:54:10 INFO  : 'after 3000' command is executed.
11:54:10 INFO  : 'targets -set -filter {jtag_cable_name =~ "Digilent Zybo Z7 210351A77E63A" && level==0 && jtag_device_ctx=="jsn-Zybo Z7-210351A77E63A-13722093-0"}' command is executed.
11:54:11 INFO  : Device configured successfully with "F:/Xilinx/Projects/gif402-amorce-projet-main/travail/project/_ide/bitstream/atelier4_wrapper.bit"
11:54:11 INFO  : Context for 'APU' is selected.
11:54:11 INFO  : Hardware design and registers information is loaded from 'F:/Xilinx/Projects/gif402-amorce-projet-main/travail/atelier4_wrapper/export/atelier4_wrapper/hw/atelier4_wrapper.xsa'.
11:54:11 INFO  : 'configparams force-mem-access 1' command is executed.
11:54:11 INFO  : Context for 'APU' is selected.
11:54:11 INFO  : Sourcing of 'F:/Xilinx/Projects/gif402-amorce-projet-main/travail/project/_ide/psinit/ps7_init.tcl' is done.
11:54:12 INFO  : 'ps7_init' command is executed.
11:54:12 INFO  : 'ps7_post_config' command is executed.
11:54:12 INFO  : Context for processor 'ps7_cortexa9_0' is selected.
11:54:12 INFO  : The application 'F:/Xilinx/Projects/gif402-amorce-projet-main/travail/project/Debug/project.elf' is downloaded to processor 'ps7_cortexa9_0'.
11:54:12 INFO  : 'configparams force-mem-access 0' command is executed.
11:54:12 INFO  : ----------------XSDB Script----------------
connect -url tcp:127.0.0.1:3121
targets -set -nocase -filter {name =~"APU*"}
rst -system
after 3000
targets -set -filter {jtag_cable_name =~ "Digilent Zybo Z7 210351A77E63A" && level==0 && jtag_device_ctx=="jsn-Zybo Z7-210351A77E63A-13722093-0"}
fpga -file F:/Xilinx/Projects/gif402-amorce-projet-main/travail/project/_ide/bitstream/atelier4_wrapper.bit
targets -set -nocase -filter {name =~"APU*"}
loadhw -hw F:/Xilinx/Projects/gif402-amorce-projet-main/travail/atelier4_wrapper/export/atelier4_wrapper/hw/atelier4_wrapper.xsa -mem-ranges [list {0x40000000 0xbfffffff}] -regs
configparams force-mem-access 1
targets -set -nocase -filter {name =~"APU*"}
source F:/Xilinx/Projects/gif402-amorce-projet-main/travail/project/_ide/psinit/ps7_init.tcl
ps7_init
ps7_post_config
targets -set -nocase -filter {name =~ "*A9*#0"}
dow F:/Xilinx/Projects/gif402-amorce-projet-main/travail/project/Debug/project.elf
configparams force-mem-access 0
----------------End of Script----------------

11:54:12 INFO  : Context for processor 'ps7_cortexa9_0' is selected.
11:54:12 INFO  : 'con' command is executed.
11:54:12 INFO  : ----------------XSDB Script (After Launch)----------------
targets -set -nocase -filter {name =~ "*A9*#0"}
con
----------------End of Script----------------

11:54:12 INFO  : Launch script is exported to file 'F:\Xilinx\Projects\gif402-amorce-projet-main\travail\project_system\_ide\scripts\systemdebugger_project_system_2_standalone.tcl'
11:58:49 INFO  : Checking for BSP changes to sync application flags for project 'project'...
11:59:01 INFO  : Disconnected from the channel tcfchan#7.
11:59:02 INFO  : Connected to target on host '127.0.0.1' and port '3121'.
11:59:02 INFO  : Jtag cable 'Digilent Zybo Z7 210351A77E63A' is selected.
11:59:02 INFO  : 'jtag frequency' command is executed.
11:59:02 INFO  : Context for 'APU' is selected.
11:59:02 INFO  : System reset is completed.
11:59:05 INFO  : 'after 3000' command is executed.
11:59:05 INFO  : 'targets -set -filter {jtag_cable_name =~ "Digilent Zybo Z7 210351A77E63A" && level==0 && jtag_device_ctx=="jsn-Zybo Z7-210351A77E63A-13722093-0"}' command is executed.
11:59:06 INFO  : Device configured successfully with "F:/Xilinx/Projects/gif402-amorce-projet-main/travail/project/_ide/bitstream/atelier4_wrapper.bit"
11:59:06 INFO  : Context for 'APU' is selected.
11:59:06 INFO  : Hardware design and registers information is loaded from 'F:/Xilinx/Projects/gif402-amorce-projet-main/travail/atelier4_wrapper/export/atelier4_wrapper/hw/atelier4_wrapper.xsa'.
11:59:06 INFO  : 'configparams force-mem-access 1' command is executed.
11:59:06 INFO  : Context for 'APU' is selected.
11:59:06 INFO  : Sourcing of 'F:/Xilinx/Projects/gif402-amorce-projet-main/travail/project/_ide/psinit/ps7_init.tcl' is done.
11:59:06 INFO  : 'ps7_init' command is executed.
11:59:06 INFO  : 'ps7_post_config' command is executed.
11:59:06 INFO  : Context for processor 'ps7_cortexa9_0' is selected.
11:59:07 INFO  : The application 'F:/Xilinx/Projects/gif402-amorce-projet-main/travail/project/Debug/project.elf' is downloaded to processor 'ps7_cortexa9_0'.
11:59:07 INFO  : 'configparams force-mem-access 0' command is executed.
11:59:07 INFO  : ----------------XSDB Script----------------
connect -url tcp:127.0.0.1:3121
targets -set -nocase -filter {name =~"APU*"}
rst -system
after 3000
targets -set -filter {jtag_cable_name =~ "Digilent Zybo Z7 210351A77E63A" && level==0 && jtag_device_ctx=="jsn-Zybo Z7-210351A77E63A-13722093-0"}
fpga -file F:/Xilinx/Projects/gif402-amorce-projet-main/travail/project/_ide/bitstream/atelier4_wrapper.bit
targets -set -nocase -filter {name =~"APU*"}
loadhw -hw F:/Xilinx/Projects/gif402-amorce-projet-main/travail/atelier4_wrapper/export/atelier4_wrapper/hw/atelier4_wrapper.xsa -mem-ranges [list {0x40000000 0xbfffffff}] -regs
configparams force-mem-access 1
targets -set -nocase -filter {name =~"APU*"}
source F:/Xilinx/Projects/gif402-amorce-projet-main/travail/project/_ide/psinit/ps7_init.tcl
ps7_init
ps7_post_config
targets -set -nocase -filter {name =~ "*A9*#0"}
dow F:/Xilinx/Projects/gif402-amorce-projet-main/travail/project/Debug/project.elf
configparams force-mem-access 0
----------------End of Script----------------

11:59:07 INFO  : Context for processor 'ps7_cortexa9_0' is selected.
11:59:07 INFO  : 'con' command is executed.
11:59:07 INFO  : ----------------XSDB Script (After Launch)----------------
targets -set -nocase -filter {name =~ "*A9*#0"}
con
----------------End of Script----------------

11:59:07 INFO  : Launch script is exported to file 'F:\Xilinx\Projects\gif402-amorce-projet-main\travail\project_system\_ide\scripts\systemdebugger_project_system_3_standalone.tcl'
11:59:29 INFO  : Disconnected from the channel tcfchan#9.
11:59:30 INFO  : Connected to target on host '127.0.0.1' and port '3121'.
11:59:30 INFO  : Jtag cable 'Digilent Zybo Z7 210351A77E63A' is selected.
11:59:30 INFO  : 'jtag frequency' command is executed.
11:59:30 INFO  : Context for 'APU' is selected.
11:59:30 INFO  : System reset is completed.
11:59:33 INFO  : 'after 3000' command is executed.
11:59:33 INFO  : 'targets -set -filter {jtag_cable_name =~ "Digilent Zybo Z7 210351A77E63A" && level==0 && jtag_device_ctx=="jsn-Zybo Z7-210351A77E63A-13722093-0"}' command is executed.
11:59:35 INFO  : Device configured successfully with "F:/Xilinx/Projects/gif402-amorce-projet-main/travail/project/_ide/bitstream/atelier4_wrapper.bit"
11:59:35 INFO  : Context for 'APU' is selected.
11:59:35 INFO  : Hardware design and registers information is loaded from 'F:/Xilinx/Projects/gif402-amorce-projet-main/travail/atelier4_wrapper/export/atelier4_wrapper/hw/atelier4_wrapper.xsa'.
11:59:35 INFO  : 'configparams force-mem-access 1' command is executed.
11:59:35 INFO  : Context for 'APU' is selected.
11:59:35 INFO  : Sourcing of 'F:/Xilinx/Projects/gif402-amorce-projet-main/travail/project/_ide/psinit/ps7_init.tcl' is done.
11:59:35 INFO  : 'ps7_init' command is executed.
11:59:35 INFO  : 'ps7_post_config' command is executed.
11:59:35 INFO  : Context for processor 'ps7_cortexa9_0' is selected.
11:59:35 INFO  : The application 'F:/Xilinx/Projects/gif402-amorce-projet-main/travail/project/Debug/project.elf' is downloaded to processor 'ps7_cortexa9_0'.
11:59:35 INFO  : 'configparams force-mem-access 0' command is executed.
11:59:35 INFO  : ----------------XSDB Script----------------
connect -url tcp:127.0.0.1:3121
targets -set -nocase -filter {name =~"APU*"}
rst -system
after 3000
targets -set -filter {jtag_cable_name =~ "Digilent Zybo Z7 210351A77E63A" && level==0 && jtag_device_ctx=="jsn-Zybo Z7-210351A77E63A-13722093-0"}
fpga -file F:/Xilinx/Projects/gif402-amorce-projet-main/travail/project/_ide/bitstream/atelier4_wrapper.bit
targets -set -nocase -filter {name =~"APU*"}
loadhw -hw F:/Xilinx/Projects/gif402-amorce-projet-main/travail/atelier4_wrapper/export/atelier4_wrapper/hw/atelier4_wrapper.xsa -mem-ranges [list {0x40000000 0xbfffffff}] -regs
configparams force-mem-access 1
targets -set -nocase -filter {name =~"APU*"}
source F:/Xilinx/Projects/gif402-amorce-projet-main/travail/project/_ide/psinit/ps7_init.tcl
ps7_init
ps7_post_config
targets -set -nocase -filter {name =~ "*A9*#0"}
dow F:/Xilinx/Projects/gif402-amorce-projet-main/travail/project/Debug/project.elf
configparams force-mem-access 0
----------------End of Script----------------

11:59:35 INFO  : Context for processor 'ps7_cortexa9_0' is selected.
11:59:35 INFO  : 'con' command is executed.
11:59:35 INFO  : ----------------XSDB Script (After Launch)----------------
targets -set -nocase -filter {name =~ "*A9*#0"}
con
----------------End of Script----------------

11:59:35 INFO  : Launch script is exported to file 'F:\Xilinx\Projects\gif402-amorce-projet-main\travail\project_system\_ide\scripts\systemdebugger_project_system_standalone.tcl'
12:11:28 INFO  : Disconnected from the channel tcfchan#10.
12:21:51 INFO  : Launching XSCT server: xsct.bat -n  -interactive F:\Xilinx\Projects\gif402-amorce-projet-main\travail\temp_xsdb_launch_script.tcl
12:21:52 INFO  : XSCT server has started successfully.
12:21:52 INFO  : Successfully done setting XSCT server connection channel  
12:21:52 INFO  : plnx-install-location is set to ''
12:21:52 INFO  : Successfully done setting workspace for the tool. 
12:21:54 INFO  : Platform repository initialization has completed.
12:21:54 INFO  : Successfully done query RDI_DATADIR 
12:21:54 INFO  : Registering command handlers for Vitis TCF services
12:22:13 INFO  : Checking for BSP changes to sync application flags for project 'project'...
12:22:16 ERROR : (XSDB Server)ERROR: [Hsi 55-1571] The design file F:/Xilinx/Projects/gif402-amorce-projet-main/travail/atelier4_wrapper/export/atelier4_wrapper/hw/atelier4_wrapper.xsa is already opened

12:22:31 INFO  : Connected to target on host '127.0.0.1' and port '3121'.
12:22:31 INFO  : Jtag cable 'Digilent Zybo Z7 210351A77E63A' is selected.
12:22:31 INFO  : 'jtag frequency' command is executed.
12:22:31 INFO  : Context for 'APU' is selected.
12:22:31 INFO  : System reset is completed.
12:22:34 INFO  : 'after 3000' command is executed.
12:22:34 INFO  : 'targets -set -filter {jtag_cable_name =~ "Digilent Zybo Z7 210351A77E63A" && level==0 && jtag_device_ctx=="jsn-Zybo Z7-210351A77E63A-13722093-0"}' command is executed.
12:22:35 INFO  : Device configured successfully with "F:/Xilinx/Projects/gif402-amorce-projet-main/travail/project/_ide/bitstream/atelier4_wrapper.bit"
12:22:35 INFO  : Context for 'APU' is selected.
12:22:35 INFO  : Hardware design and registers information is loaded from 'F:/Xilinx/Projects/gif402-amorce-projet-main/travail/atelier4_wrapper/export/atelier4_wrapper/hw/atelier4_wrapper.xsa'.
12:22:35 INFO  : 'configparams force-mem-access 1' command is executed.
12:22:35 INFO  : Context for 'APU' is selected.
12:22:35 INFO  : Sourcing of 'F:/Xilinx/Projects/gif402-amorce-projet-main/travail/project/_ide/psinit/ps7_init.tcl' is done.
12:22:35 INFO  : 'ps7_init' command is executed.
12:22:35 INFO  : 'ps7_post_config' command is executed.
12:22:35 INFO  : Context for processor 'ps7_cortexa9_0' is selected.
12:22:36 INFO  : The application 'F:/Xilinx/Projects/gif402-amorce-projet-main/travail/project/Debug/project.elf' is downloaded to processor 'ps7_cortexa9_0'.
12:22:36 INFO  : 'configparams force-mem-access 0' command is executed.
12:22:36 INFO  : ----------------XSDB Script----------------
connect -url tcp:127.0.0.1:3121
targets -set -nocase -filter {name =~"APU*"}
rst -system
after 3000
targets -set -filter {jtag_cable_name =~ "Digilent Zybo Z7 210351A77E63A" && level==0 && jtag_device_ctx=="jsn-Zybo Z7-210351A77E63A-13722093-0"}
fpga -file F:/Xilinx/Projects/gif402-amorce-projet-main/travail/project/_ide/bitstream/atelier4_wrapper.bit
targets -set -nocase -filter {name =~"APU*"}
loadhw -hw F:/Xilinx/Projects/gif402-amorce-projet-main/travail/atelier4_wrapper/export/atelier4_wrapper/hw/atelier4_wrapper.xsa -mem-ranges [list {0x40000000 0xbfffffff}] -regs
configparams force-mem-access 1
targets -set -nocase -filter {name =~"APU*"}
source F:/Xilinx/Projects/gif402-amorce-projet-main/travail/project/_ide/psinit/ps7_init.tcl
ps7_init
ps7_post_config
targets -set -nocase -filter {name =~ "*A9*#0"}
dow F:/Xilinx/Projects/gif402-amorce-projet-main/travail/project/Debug/project.elf
configparams force-mem-access 0
----------------End of Script----------------

12:22:36 INFO  : Context for processor 'ps7_cortexa9_0' is selected.
12:22:36 INFO  : 'con' command is executed.
12:22:36 INFO  : ----------------XSDB Script (After Launch)----------------
targets -set -nocase -filter {name =~ "*A9*#0"}
con
----------------End of Script----------------

12:22:36 INFO  : Launch script is exported to file 'F:\Xilinx\Projects\gif402-amorce-projet-main\travail\project_system\_ide\scripts\systemdebugger_project_system_4_standalone.tcl'
12:38:11 INFO  : Disconnected from the channel tcfchan#2.
12:48:30 INFO  : Launching XSCT server: xsct.bat -n  -interactive F:\Xilinx\Projects\gif402-amorce-projet-main\travail\temp_xsdb_launch_script.tcl
12:48:32 INFO  : XSCT server has started successfully.
12:48:32 INFO  : Successfully done setting XSCT server connection channel  
12:48:32 INFO  : plnx-install-location is set to ''
12:48:32 INFO  : Successfully done setting workspace for the tool. 
12:48:34 ERROR : Error encountered while initializing user repository paths
Reason: No Platforms Found.


12:48:34 INFO  : Platform repository initialization has completed.
12:48:34 INFO  : Registering command handlers for Vitis TCF services
12:48:37 INFO  : Successfully done query RDI_DATADIR 
12:49:00 INFO  : Result from executing command 'getProjects': atelier4_wrapper
12:49:00 INFO  : Result from executing command 'getPlatforms': 
12:49:10 INFO  : Checking for BSP changes to sync application flags for project 'project'...
12:49:27 INFO  : Connected to target on host '127.0.0.1' and port '3121'.
12:49:28 INFO  : Jtag cable 'Digilent Zybo Z7 210351A77E63A' is selected.
12:49:28 INFO  : 'jtag frequency' command is executed.
12:49:28 INFO  : Context for 'APU' is selected.
12:49:28 INFO  : System reset is completed.
12:49:31 INFO  : 'after 3000' command is executed.
12:49:31 INFO  : 'targets -set -filter {jtag_cable_name =~ "Digilent Zybo Z7 210351A77E63A" && level==0 && jtag_device_ctx=="jsn-Zybo Z7-210351A77E63A-13722093-0"}' command is executed.
12:49:32 INFO  : Device configured successfully with "F:/Xilinx/Projects/gif402-amorce-projet-main/travail/project/_ide/bitstream/atelier4_wrapper.bit"
12:49:32 INFO  : Context for 'APU' is selected.
12:49:32 INFO  : Hardware design and registers information is loaded from 'F:/Xilinx/Projects/gif402-amorce-projet-main/travail/atelier4_wrapper/export/atelier4_wrapper/hw/atelier4_wrapper.xsa'.
12:49:32 INFO  : 'configparams force-mem-access 1' command is executed.
12:49:32 INFO  : Context for 'APU' is selected.
12:49:32 INFO  : Sourcing of 'F:/Xilinx/Projects/gif402-amorce-projet-main/travail/project/_ide/psinit/ps7_init.tcl' is done.
12:49:32 INFO  : 'ps7_init' command is executed.
12:49:32 INFO  : 'ps7_post_config' command is executed.
12:49:32 INFO  : Context for processor 'ps7_cortexa9_0' is selected.
12:49:33 INFO  : The application 'F:/Xilinx/Projects/gif402-amorce-projet-main/travail/project/Debug/project.elf' is downloaded to processor 'ps7_cortexa9_0'.
12:49:33 INFO  : 'configparams force-mem-access 0' command is executed.
12:49:33 INFO  : ----------------XSDB Script----------------
connect -url tcp:127.0.0.1:3121
targets -set -nocase -filter {name =~"APU*"}
rst -system
after 3000
targets -set -filter {jtag_cable_name =~ "Digilent Zybo Z7 210351A77E63A" && level==0 && jtag_device_ctx=="jsn-Zybo Z7-210351A77E63A-13722093-0"}
fpga -file F:/Xilinx/Projects/gif402-amorce-projet-main/travail/project/_ide/bitstream/atelier4_wrapper.bit
targets -set -nocase -filter {name =~"APU*"}
loadhw -hw F:/Xilinx/Projects/gif402-amorce-projet-main/travail/atelier4_wrapper/export/atelier4_wrapper/hw/atelier4_wrapper.xsa -mem-ranges [list {0x40000000 0xbfffffff}] -regs
configparams force-mem-access 1
targets -set -nocase -filter {name =~"APU*"}
source F:/Xilinx/Projects/gif402-amorce-projet-main/travail/project/_ide/psinit/ps7_init.tcl
ps7_init
ps7_post_config
targets -set -nocase -filter {name =~ "*A9*#0"}
dow F:/Xilinx/Projects/gif402-amorce-projet-main/travail/project/Debug/project.elf
configparams force-mem-access 0
----------------End of Script----------------

12:49:33 INFO  : Context for processor 'ps7_cortexa9_0' is selected.
12:49:33 INFO  : 'con' command is executed.
12:49:33 INFO  : ----------------XSDB Script (After Launch)----------------
targets -set -nocase -filter {name =~ "*A9*#0"}
con
----------------End of Script----------------

12:49:33 INFO  : Launch script is exported to file 'F:\Xilinx\Projects\gif402-amorce-projet-main\travail\project_system\_ide\scripts\systemdebugger_project_system_1_standalone.tcl'
13:05:08 INFO  : Checking for BSP changes to sync application flags for project 'project'...
13:05:30 INFO  : Disconnected from the channel tcfchan#3.
13:05:31 INFO  : Connected to target on host '127.0.0.1' and port '3121'.
13:05:32 INFO  : Jtag cable 'Digilent Zybo Z7 210351A77E63A' is selected.
13:05:32 INFO  : 'jtag frequency' command is executed.
13:05:32 INFO  : Context for 'APU' is selected.
13:05:32 INFO  : System reset is completed.
13:05:35 INFO  : 'after 3000' command is executed.
13:05:35 INFO  : 'targets -set -filter {jtag_cable_name =~ "Digilent Zybo Z7 210351A77E63A" && level==0 && jtag_device_ctx=="jsn-Zybo Z7-210351A77E63A-13722093-0"}' command is executed.
13:05:36 INFO  : Device configured successfully with "F:/Xilinx/Projects/gif402-amorce-projet-main/travail/project/_ide/bitstream/atelier4_wrapper.bit"
13:05:36 INFO  : Context for 'APU' is selected.
13:05:36 INFO  : Hardware design and registers information is loaded from 'F:/Xilinx/Projects/gif402-amorce-projet-main/travail/atelier4_wrapper/export/atelier4_wrapper/hw/atelier4_wrapper.xsa'.
13:05:36 INFO  : 'configparams force-mem-access 1' command is executed.
13:05:36 INFO  : Context for 'APU' is selected.
13:05:36 INFO  : Sourcing of 'F:/Xilinx/Projects/gif402-amorce-projet-main/travail/project/_ide/psinit/ps7_init.tcl' is done.
13:05:36 INFO  : 'ps7_init' command is executed.
13:05:36 INFO  : 'ps7_post_config' command is executed.
13:05:36 INFO  : Context for processor 'ps7_cortexa9_0' is selected.
13:05:37 INFO  : The application 'F:/Xilinx/Projects/gif402-amorce-projet-main/travail/project/Debug/project.elf' is downloaded to processor 'ps7_cortexa9_0'.
13:05:37 INFO  : 'configparams force-mem-access 0' command is executed.
13:05:37 INFO  : ----------------XSDB Script----------------
connect -url tcp:127.0.0.1:3121
targets -set -nocase -filter {name =~"APU*"}
rst -system
after 3000
targets -set -filter {jtag_cable_name =~ "Digilent Zybo Z7 210351A77E63A" && level==0 && jtag_device_ctx=="jsn-Zybo Z7-210351A77E63A-13722093-0"}
fpga -file F:/Xilinx/Projects/gif402-amorce-projet-main/travail/project/_ide/bitstream/atelier4_wrapper.bit
targets -set -nocase -filter {name =~"APU*"}
loadhw -hw F:/Xilinx/Projects/gif402-amorce-projet-main/travail/atelier4_wrapper/export/atelier4_wrapper/hw/atelier4_wrapper.xsa -mem-ranges [list {0x40000000 0xbfffffff}] -regs
configparams force-mem-access 1
targets -set -nocase -filter {name =~"APU*"}
source F:/Xilinx/Projects/gif402-amorce-projet-main/travail/project/_ide/psinit/ps7_init.tcl
ps7_init
ps7_post_config
targets -set -nocase -filter {name =~ "*A9*#0"}
dow F:/Xilinx/Projects/gif402-amorce-projet-main/travail/project/Debug/project.elf
configparams force-mem-access 0
----------------End of Script----------------

13:05:37 INFO  : Context for processor 'ps7_cortexa9_0' is selected.
13:05:37 INFO  : 'con' command is executed.
13:05:37 INFO  : ----------------XSDB Script (After Launch)----------------
targets -set -nocase -filter {name =~ "*A9*#0"}
con
----------------End of Script----------------

13:05:37 INFO  : Launch script is exported to file 'F:\Xilinx\Projects\gif402-amorce-projet-main\travail\project_system\_ide\scripts\systemdebugger_project_system_2_standalone.tcl'
13:10:22 ERROR : Failed to update hardware specification for project 'atelier4_wrapper'.
Reason: Failed to execute command 'platform config -updatehw {F:/Xilinx/Projects/gif402-amorce-projet-main/travail/atelier4_wrapper.xsa}'. Click on details for more information.
13:11:53 INFO  : Hardware specification for platform project 'atelier4_wrapper' is updated.
13:12:09 INFO  : Result from executing command 'getProjects': atelier4_wrapper
13:12:09 INFO  : Result from executing command 'getPlatforms': atelier4_wrapper|F:/Xilinx/Projects/gif402-amorce-projet-main/travail/atelier4_wrapper/export/atelier4_wrapper/atelier4_wrapper.xpfm
13:12:21 INFO  : Checking for BSP changes to sync application flags for project 'project'...
13:12:23 INFO  : The hardware specfication used by project 'project' is out of sync with the platform. Resource files extracted from the hardware specfiication will be updated.
13:12:23 INFO  : The file 'F:\Xilinx\Projects\gif402-amorce-projet-main\travail\project\_ide\bitstream\atelier4_wrapper.bit' stored in project is removed.
13:12:23 INFO  : The updated bitstream files are copied from platform to folder 'F:\Xilinx\Projects\gif402-amorce-projet-main\travail\project\_ide\bitstream' in project 'project'.
13:12:23 INFO  : The file 'F:\Xilinx\Projects\gif402-amorce-projet-main\travail\project\_ide\psinit\ps7_init.tcl' stored in project is removed.
13:12:26 INFO  : The updated ps init files are copied from platform to folder 'F:\Xilinx\Projects\gif402-amorce-projet-main\travail\project\_ide\psinit' in project 'project'.
13:13:14 INFO  : Disconnected from the channel tcfchan#5.
13:13:16 INFO  : Connected to target on host '127.0.0.1' and port '3121'.
13:13:16 INFO  : Jtag cable 'Digilent Zybo Z7 210351A77E63A' is selected.
13:13:16 INFO  : 'jtag frequency' command is executed.
13:13:16 INFO  : Context for 'APU' is selected.
13:13:16 INFO  : System reset is completed.
13:13:19 INFO  : 'after 3000' command is executed.
13:13:19 INFO  : 'targets -set -filter {jtag_cable_name =~ "Digilent Zybo Z7 210351A77E63A" && level==0 && jtag_device_ctx=="jsn-Zybo Z7-210351A77E63A-13722093-0"}' command is executed.
13:13:20 INFO  : Device configured successfully with "F:/Xilinx/Projects/gif402-amorce-projet-main/travail/project/_ide/bitstream/atelier4_wrapper.bit"
13:13:20 INFO  : Context for 'APU' is selected.
13:13:20 INFO  : Hardware design and registers information is loaded from 'F:/Xilinx/Projects/gif402-amorce-projet-main/travail/atelier4_wrapper/export/atelier4_wrapper/hw/atelier4_wrapper.xsa'.
13:13:20 INFO  : 'configparams force-mem-access 1' command is executed.
13:13:20 INFO  : Context for 'APU' is selected.
13:13:20 INFO  : Sourcing of 'F:/Xilinx/Projects/gif402-amorce-projet-main/travail/project/_ide/psinit/ps7_init.tcl' is done.
13:13:20 INFO  : 'ps7_init' command is executed.
13:13:20 INFO  : 'ps7_post_config' command is executed.
13:13:20 INFO  : Context for processor 'ps7_cortexa9_0' is selected.
13:13:21 INFO  : The application 'F:/Xilinx/Projects/gif402-amorce-projet-main/travail/project/Debug/project.elf' is downloaded to processor 'ps7_cortexa9_0'.
13:13:21 INFO  : 'configparams force-mem-access 0' command is executed.
13:13:21 INFO  : ----------------XSDB Script----------------
connect -url tcp:127.0.0.1:3121
targets -set -nocase -filter {name =~"APU*"}
rst -system
after 3000
targets -set -filter {jtag_cable_name =~ "Digilent Zybo Z7 210351A77E63A" && level==0 && jtag_device_ctx=="jsn-Zybo Z7-210351A77E63A-13722093-0"}
fpga -file F:/Xilinx/Projects/gif402-amorce-projet-main/travail/project/_ide/bitstream/atelier4_wrapper.bit
targets -set -nocase -filter {name =~"APU*"}
loadhw -hw F:/Xilinx/Projects/gif402-amorce-projet-main/travail/atelier4_wrapper/export/atelier4_wrapper/hw/atelier4_wrapper.xsa -mem-ranges [list {0x40000000 0xbfffffff}] -regs
configparams force-mem-access 1
targets -set -nocase -filter {name =~"APU*"}
source F:/Xilinx/Projects/gif402-amorce-projet-main/travail/project/_ide/psinit/ps7_init.tcl
ps7_init
ps7_post_config
targets -set -nocase -filter {name =~ "*A9*#0"}
dow F:/Xilinx/Projects/gif402-amorce-projet-main/travail/project/Debug/project.elf
configparams force-mem-access 0
----------------End of Script----------------

13:13:21 INFO  : Context for processor 'ps7_cortexa9_0' is selected.
13:13:21 INFO  : 'con' command is executed.
13:13:21 INFO  : ----------------XSDB Script (After Launch)----------------
targets -set -nocase -filter {name =~ "*A9*#0"}
con
----------------End of Script----------------

13:13:21 INFO  : Launch script is exported to file 'F:\Xilinx\Projects\gif402-amorce-projet-main\travail\project_system\_ide\scripts\systemdebugger_project_system_3_standalone.tcl'
14:47:26 INFO  : Hardware specification for platform project 'atelier4_wrapper' is updated.
14:47:36 INFO  : Result from executing command 'getProjects': atelier4_wrapper
14:47:36 INFO  : Result from executing command 'getPlatforms': atelier4_wrapper|F:/Xilinx/Projects/gif402-amorce-projet-main/travail/atelier4_wrapper/export/atelier4_wrapper/atelier4_wrapper.xpfm
14:47:57 INFO  : Checking for BSP changes to sync application flags for project 'project'...
14:47:59 INFO  : The hardware specfication used by project 'project' is out of sync with the platform. Resource files extracted from the hardware specfiication will be updated.
14:47:59 INFO  : The file 'F:\Xilinx\Projects\gif402-amorce-projet-main\travail\project\_ide\bitstream\atelier4_wrapper.bit' stored in project is removed.
14:47:59 INFO  : The updated bitstream files are copied from platform to folder 'F:\Xilinx\Projects\gif402-amorce-projet-main\travail\project\_ide\bitstream' in project 'project'.
14:47:59 INFO  : The file 'F:\Xilinx\Projects\gif402-amorce-projet-main\travail\project\_ide\psinit\ps7_init.tcl' stored in project is removed.
14:48:02 INFO  : The updated ps init files are copied from platform to folder 'F:\Xilinx\Projects\gif402-amorce-projet-main\travail\project\_ide\psinit' in project 'project'.
15:57:53 INFO  : Disconnected from the channel tcfchan#8.
15:57:54 INFO  : Connected to target on host '127.0.0.1' and port '3121'.
15:57:54 INFO  : Jtag cable 'Digilent Zybo Z7 210351A77E63A' is selected.
15:57:54 INFO  : 'jtag frequency' command is executed.
15:57:54 INFO  : Context for 'APU' is selected.
15:57:54 INFO  : System reset is completed.
15:57:57 INFO  : 'after 3000' command is executed.
15:57:57 INFO  : 'targets -set -filter {jtag_cable_name =~ "Digilent Zybo Z7 210351A77E63A" && level==0 && jtag_device_ctx=="jsn-Zybo Z7-210351A77E63A-13722093-0"}' command is executed.
15:57:58 INFO  : Device configured successfully with "F:/Xilinx/Projects/gif402-amorce-projet-main/travail/project/_ide/bitstream/atelier4_wrapper.bit"
15:57:58 INFO  : Context for 'APU' is selected.
15:57:58 INFO  : Hardware design and registers information is loaded from 'F:/Xilinx/Projects/gif402-amorce-projet-main/travail/atelier4_wrapper/export/atelier4_wrapper/hw/atelier4_wrapper.xsa'.
15:57:58 INFO  : 'configparams force-mem-access 1' command is executed.
15:57:58 INFO  : Context for 'APU' is selected.
15:57:58 INFO  : Sourcing of 'F:/Xilinx/Projects/gif402-amorce-projet-main/travail/project/_ide/psinit/ps7_init.tcl' is done.
15:57:58 INFO  : 'ps7_init' command is executed.
15:57:58 INFO  : 'ps7_post_config' command is executed.
15:57:58 INFO  : Context for processor 'ps7_cortexa9_0' is selected.
15:57:59 INFO  : The application 'F:/Xilinx/Projects/gif402-amorce-projet-main/travail/project/Debug/project.elf' is downloaded to processor 'ps7_cortexa9_0'.
15:57:59 INFO  : 'configparams force-mem-access 0' command is executed.
15:57:59 INFO  : ----------------XSDB Script----------------
connect -url tcp:127.0.0.1:3121
targets -set -nocase -filter {name =~"APU*"}
rst -system
after 3000
targets -set -filter {jtag_cable_name =~ "Digilent Zybo Z7 210351A77E63A" && level==0 && jtag_device_ctx=="jsn-Zybo Z7-210351A77E63A-13722093-0"}
fpga -file F:/Xilinx/Projects/gif402-amorce-projet-main/travail/project/_ide/bitstream/atelier4_wrapper.bit
targets -set -nocase -filter {name =~"APU*"}
loadhw -hw F:/Xilinx/Projects/gif402-amorce-projet-main/travail/atelier4_wrapper/export/atelier4_wrapper/hw/atelier4_wrapper.xsa -mem-ranges [list {0x40000000 0xbfffffff}] -regs
configparams force-mem-access 1
targets -set -nocase -filter {name =~"APU*"}
source F:/Xilinx/Projects/gif402-amorce-projet-main/travail/project/_ide/psinit/ps7_init.tcl
ps7_init
ps7_post_config
targets -set -nocase -filter {name =~ "*A9*#0"}
dow F:/Xilinx/Projects/gif402-amorce-projet-main/travail/project/Debug/project.elf
configparams force-mem-access 0
----------------End of Script----------------

15:57:59 INFO  : Context for processor 'ps7_cortexa9_0' is selected.
15:57:59 INFO  : 'con' command is executed.
15:57:59 INFO  : ----------------XSDB Script (After Launch)----------------
targets -set -nocase -filter {name =~ "*A9*#0"}
con
----------------End of Script----------------

15:57:59 INFO  : Launch script is exported to file 'F:\Xilinx\Projects\gif402-amorce-projet-main\travail\project_system\_ide\scripts\systemdebugger_project_system_2_standalone.tcl'
16:32:17 INFO  : Disconnected from the channel tcfchan#11.
16:32:18 INFO  : Connected to target on host '127.0.0.1' and port '3121'.
16:32:18 INFO  : Jtag cable 'Digilent Zybo Z7 210351A77E63A' is selected.
16:32:18 INFO  : 'jtag frequency' command is executed.
16:32:18 INFO  : Context for 'APU' is selected.
16:32:18 INFO  : System reset is completed.
16:32:21 INFO  : 'after 3000' command is executed.
16:32:21 INFO  : 'targets -set -filter {jtag_cable_name =~ "Digilent Zybo Z7 210351A77E63A" && level==0 && jtag_device_ctx=="jsn-Zybo Z7-210351A77E63A-13722093-0"}' command is executed.
16:32:23 INFO  : Device configured successfully with "F:/Xilinx/Projects/gif402-amorce-projet-main/travail/project/_ide/bitstream/atelier4_wrapper.bit"
16:32:23 INFO  : Context for 'APU' is selected.
16:32:23 INFO  : Hardware design and registers information is loaded from 'F:/Xilinx/Projects/gif402-amorce-projet-main/travail/atelier4_wrapper/export/atelier4_wrapper/hw/atelier4_wrapper.xsa'.
16:32:23 INFO  : 'configparams force-mem-access 1' command is executed.
16:32:23 INFO  : Context for 'APU' is selected.
16:32:23 INFO  : Sourcing of 'F:/Xilinx/Projects/gif402-amorce-projet-main/travail/project/_ide/psinit/ps7_init.tcl' is done.
16:32:23 INFO  : 'ps7_init' command is executed.
16:32:23 INFO  : 'ps7_post_config' command is executed.
16:32:23 INFO  : Context for processor 'ps7_cortexa9_0' is selected.
16:32:23 INFO  : The application 'F:/Xilinx/Projects/gif402-amorce-projet-main/travail/project/Debug/project.elf' is downloaded to processor 'ps7_cortexa9_0'.
16:32:23 INFO  : 'configparams force-mem-access 0' command is executed.
16:32:23 INFO  : ----------------XSDB Script----------------
connect -url tcp:127.0.0.1:3121
targets -set -nocase -filter {name =~"APU*"}
rst -system
after 3000
targets -set -filter {jtag_cable_name =~ "Digilent Zybo Z7 210351A77E63A" && level==0 && jtag_device_ctx=="jsn-Zybo Z7-210351A77E63A-13722093-0"}
fpga -file F:/Xilinx/Projects/gif402-amorce-projet-main/travail/project/_ide/bitstream/atelier4_wrapper.bit
targets -set -nocase -filter {name =~"APU*"}
loadhw -hw F:/Xilinx/Projects/gif402-amorce-projet-main/travail/atelier4_wrapper/export/atelier4_wrapper/hw/atelier4_wrapper.xsa -mem-ranges [list {0x40000000 0xbfffffff}] -regs
configparams force-mem-access 1
targets -set -nocase -filter {name =~"APU*"}
source F:/Xilinx/Projects/gif402-amorce-projet-main/travail/project/_ide/psinit/ps7_init.tcl
ps7_init
ps7_post_config
targets -set -nocase -filter {name =~ "*A9*#0"}
dow F:/Xilinx/Projects/gif402-amorce-projet-main/travail/project/Debug/project.elf
configparams force-mem-access 0
----------------End of Script----------------

16:32:23 INFO  : Context for processor 'ps7_cortexa9_0' is selected.
16:32:23 INFO  : 'con' command is executed.
16:32:23 INFO  : ----------------XSDB Script (After Launch)----------------
targets -set -nocase -filter {name =~ "*A9*#0"}
con
----------------End of Script----------------

16:32:23 INFO  : Launch script is exported to file 'F:\Xilinx\Projects\gif402-amorce-projet-main\travail\project_system\_ide\scripts\systemdebugger_project_system_standalone.tcl'
16:32:56 INFO  : Hardware specification for platform project 'atelier4_wrapper' is updated.
16:33:04 INFO  : Result from executing command 'getProjects': atelier4_wrapper
16:33:04 INFO  : Result from executing command 'getPlatforms': atelier4_wrapper|F:/Xilinx/Projects/gif402-amorce-projet-main/travail/atelier4_wrapper/export/atelier4_wrapper/atelier4_wrapper.xpfm
16:33:04 INFO  : Checking for BSP changes to sync application flags for project 'project'...
16:33:06 INFO  : The hardware specfication used by project 'project' is out of sync with the platform. Resource files extracted from the hardware specfiication will be updated.
16:33:06 INFO  : The file 'F:\Xilinx\Projects\gif402-amorce-projet-main\travail\project\_ide\bitstream\atelier4_wrapper.bit' stored in project is removed.
16:33:06 INFO  : The updated bitstream files are copied from platform to folder 'F:\Xilinx\Projects\gif402-amorce-projet-main\travail\project\_ide\bitstream' in project 'project'.
16:33:06 INFO  : The file 'F:\Xilinx\Projects\gif402-amorce-projet-main\travail\project\_ide\psinit\ps7_init.tcl' stored in project is removed.
16:33:09 INFO  : The updated ps init files are copied from platform to folder 'F:\Xilinx\Projects\gif402-amorce-projet-main\travail\project\_ide\psinit' in project 'project'.
16:33:42 INFO  : Disconnected from the channel tcfchan#12.
16:33:43 INFO  : Connected to target on host '127.0.0.1' and port '3121'.
16:33:43 INFO  : Jtag cable 'Digilent Zybo Z7 210351A77E63A' is selected.
16:33:43 INFO  : 'jtag frequency' command is executed.
16:33:43 INFO  : Context for 'APU' is selected.
16:33:43 INFO  : System reset is completed.
16:33:46 INFO  : 'after 3000' command is executed.
16:33:46 INFO  : 'targets -set -filter {jtag_cable_name =~ "Digilent Zybo Z7 210351A77E63A" && level==0 && jtag_device_ctx=="jsn-Zybo Z7-210351A77E63A-13722093-0"}' command is executed.
16:33:47 INFO  : Device configured successfully with "F:/Xilinx/Projects/gif402-amorce-projet-main/travail/project/_ide/bitstream/atelier4_wrapper.bit"
16:33:47 INFO  : Context for 'APU' is selected.
16:33:47 INFO  : Hardware design and registers information is loaded from 'F:/Xilinx/Projects/gif402-amorce-projet-main/travail/atelier4_wrapper/export/atelier4_wrapper/hw/atelier4_wrapper.xsa'.
16:33:47 INFO  : 'configparams force-mem-access 1' command is executed.
16:33:47 INFO  : Context for 'APU' is selected.
16:33:47 INFO  : Sourcing of 'F:/Xilinx/Projects/gif402-amorce-projet-main/travail/project/_ide/psinit/ps7_init.tcl' is done.
16:33:48 INFO  : 'ps7_init' command is executed.
16:33:48 INFO  : 'ps7_post_config' command is executed.
16:33:48 INFO  : Context for processor 'ps7_cortexa9_0' is selected.
16:33:48 INFO  : The application 'F:/Xilinx/Projects/gif402-amorce-projet-main/travail/project/Debug/project.elf' is downloaded to processor 'ps7_cortexa9_0'.
16:33:48 INFO  : 'configparams force-mem-access 0' command is executed.
16:33:48 INFO  : ----------------XSDB Script----------------
connect -url tcp:127.0.0.1:3121
targets -set -nocase -filter {name =~"APU*"}
rst -system
after 3000
targets -set -filter {jtag_cable_name =~ "Digilent Zybo Z7 210351A77E63A" && level==0 && jtag_device_ctx=="jsn-Zybo Z7-210351A77E63A-13722093-0"}
fpga -file F:/Xilinx/Projects/gif402-amorce-projet-main/travail/project/_ide/bitstream/atelier4_wrapper.bit
targets -set -nocase -filter {name =~"APU*"}
loadhw -hw F:/Xilinx/Projects/gif402-amorce-projet-main/travail/atelier4_wrapper/export/atelier4_wrapper/hw/atelier4_wrapper.xsa -mem-ranges [list {0x40000000 0xbfffffff}] -regs
configparams force-mem-access 1
targets -set -nocase -filter {name =~"APU*"}
source F:/Xilinx/Projects/gif402-amorce-projet-main/travail/project/_ide/psinit/ps7_init.tcl
ps7_init
ps7_post_config
targets -set -nocase -filter {name =~ "*A9*#0"}
dow F:/Xilinx/Projects/gif402-amorce-projet-main/travail/project/Debug/project.elf
configparams force-mem-access 0
----------------End of Script----------------

16:33:48 INFO  : Context for processor 'ps7_cortexa9_0' is selected.
16:33:48 INFO  : 'con' command is executed.
16:33:48 INFO  : ----------------XSDB Script (After Launch)----------------
targets -set -nocase -filter {name =~ "*A9*#0"}
con
----------------End of Script----------------

16:33:48 INFO  : Launch script is exported to file 'F:\Xilinx\Projects\gif402-amorce-projet-main\travail\project_system\_ide\scripts\systemdebugger_project_system_standalone.tcl'
17:13:51 INFO  : Hardware specification for platform project 'atelier4_wrapper' is updated.
17:14:03 INFO  : Result from executing command 'getProjects': atelier4_wrapper
17:14:03 INFO  : Result from executing command 'getPlatforms': atelier4_wrapper|F:/Xilinx/Projects/gif402-amorce-projet-main/travail/atelier4_wrapper/export/atelier4_wrapper/atelier4_wrapper.xpfm
17:14:10 INFO  : Checking for BSP changes to sync application flags for project 'project'...
17:14:12 INFO  : The hardware specfication used by project 'project' is out of sync with the platform. Resource files extracted from the hardware specfiication will be updated.
17:14:12 INFO  : The file 'F:\Xilinx\Projects\gif402-amorce-projet-main\travail\project\_ide\bitstream\atelier4_wrapper.bit' stored in project is removed.
17:14:12 INFO  : The updated bitstream files are copied from platform to folder 'F:\Xilinx\Projects\gif402-amorce-projet-main\travail\project\_ide\bitstream' in project 'project'.
17:14:12 INFO  : The file 'F:\Xilinx\Projects\gif402-amorce-projet-main\travail\project\_ide\psinit\ps7_init.tcl' stored in project is removed.
17:14:15 INFO  : The updated ps init files are copied from platform to folder 'F:\Xilinx\Projects\gif402-amorce-projet-main\travail\project\_ide\psinit' in project 'project'.
17:14:44 INFO  : Disconnected from the channel tcfchan#15.
17:14:45 INFO  : Connected to target on host '127.0.0.1' and port '3121'.
17:14:45 INFO  : Jtag cable 'Digilent Zybo Z7 210351A77E63A' is selected.
17:14:45 INFO  : 'jtag frequency' command is executed.
17:14:45 INFO  : Context for 'APU' is selected.
17:14:45 INFO  : System reset is completed.
17:14:48 INFO  : 'after 3000' command is executed.
17:14:48 INFO  : 'targets -set -filter {jtag_cable_name =~ "Digilent Zybo Z7 210351A77E63A" && level==0 && jtag_device_ctx=="jsn-Zybo Z7-210351A77E63A-13722093-0"}' command is executed.
17:14:49 INFO  : Device configured successfully with "F:/Xilinx/Projects/gif402-amorce-projet-main/travail/project/_ide/bitstream/atelier4_wrapper.bit"
17:14:49 INFO  : Context for 'APU' is selected.
17:14:49 INFO  : Hardware design and registers information is loaded from 'F:/Xilinx/Projects/gif402-amorce-projet-main/travail/atelier4_wrapper/export/atelier4_wrapper/hw/atelier4_wrapper.xsa'.
17:14:49 INFO  : 'configparams force-mem-access 1' command is executed.
17:14:49 INFO  : Context for 'APU' is selected.
17:14:49 INFO  : Sourcing of 'F:/Xilinx/Projects/gif402-amorce-projet-main/travail/project/_ide/psinit/ps7_init.tcl' is done.
17:14:49 INFO  : 'ps7_init' command is executed.
17:14:49 INFO  : 'ps7_post_config' command is executed.
17:14:49 INFO  : Context for processor 'ps7_cortexa9_0' is selected.
17:14:50 INFO  : The application 'F:/Xilinx/Projects/gif402-amorce-projet-main/travail/project/Debug/project.elf' is downloaded to processor 'ps7_cortexa9_0'.
17:14:50 INFO  : 'configparams force-mem-access 0' command is executed.
17:14:50 INFO  : ----------------XSDB Script----------------
connect -url tcp:127.0.0.1:3121
targets -set -nocase -filter {name =~"APU*"}
rst -system
after 3000
targets -set -filter {jtag_cable_name =~ "Digilent Zybo Z7 210351A77E63A" && level==0 && jtag_device_ctx=="jsn-Zybo Z7-210351A77E63A-13722093-0"}
fpga -file F:/Xilinx/Projects/gif402-amorce-projet-main/travail/project/_ide/bitstream/atelier4_wrapper.bit
targets -set -nocase -filter {name =~"APU*"}
loadhw -hw F:/Xilinx/Projects/gif402-amorce-projet-main/travail/atelier4_wrapper/export/atelier4_wrapper/hw/atelier4_wrapper.xsa -mem-ranges [list {0x40000000 0xbfffffff}] -regs
configparams force-mem-access 1
targets -set -nocase -filter {name =~"APU*"}
source F:/Xilinx/Projects/gif402-amorce-projet-main/travail/project/_ide/psinit/ps7_init.tcl
ps7_init
ps7_post_config
targets -set -nocase -filter {name =~ "*A9*#0"}
dow F:/Xilinx/Projects/gif402-amorce-projet-main/travail/project/Debug/project.elf
configparams force-mem-access 0
----------------End of Script----------------

17:14:50 INFO  : Context for processor 'ps7_cortexa9_0' is selected.
17:14:50 INFO  : 'con' command is executed.
17:14:50 INFO  : ----------------XSDB Script (After Launch)----------------
targets -set -nocase -filter {name =~ "*A9*#0"}
con
----------------End of Script----------------

17:14:50 INFO  : Launch script is exported to file 'F:\Xilinx\Projects\gif402-amorce-projet-main\travail\project_system\_ide\scripts\systemdebugger_project_system_standalone.tcl'
17:15:07 INFO  : Disconnected from the channel tcfchan#18.
17:15:08 INFO  : Connected to target on host '127.0.0.1' and port '3121'.
17:15:08 INFO  : Jtag cable 'Digilent Zybo Z7 210351A77E63A' is selected.
17:15:08 INFO  : 'jtag frequency' command is executed.
17:15:08 INFO  : Context for 'APU' is selected.
17:15:08 INFO  : System reset is completed.
17:15:11 INFO  : 'after 3000' command is executed.
17:15:11 INFO  : 'targets -set -filter {jtag_cable_name =~ "Digilent Zybo Z7 210351A77E63A" && level==0 && jtag_device_ctx=="jsn-Zybo Z7-210351A77E63A-13722093-0"}' command is executed.
17:15:12 INFO  : Device configured successfully with "F:/Xilinx/Projects/gif402-amorce-projet-main/travail/project/_ide/bitstream/atelier4_wrapper.bit"
17:15:12 INFO  : Context for 'APU' is selected.
17:15:12 INFO  : Hardware design and registers information is loaded from 'F:/Xilinx/Projects/gif402-amorce-projet-main/travail/atelier4_wrapper/export/atelier4_wrapper/hw/atelier4_wrapper.xsa'.
17:15:12 INFO  : 'configparams force-mem-access 1' command is executed.
17:15:12 INFO  : Context for 'APU' is selected.
17:15:12 INFO  : Sourcing of 'F:/Xilinx/Projects/gif402-amorce-projet-main/travail/project/_ide/psinit/ps7_init.tcl' is done.
17:15:12 INFO  : 'ps7_init' command is executed.
17:15:12 INFO  : 'ps7_post_config' command is executed.
17:15:12 INFO  : Context for processor 'ps7_cortexa9_0' is selected.
17:15:13 INFO  : The application 'F:/Xilinx/Projects/gif402-amorce-projet-main/travail/project/Debug/project.elf' is downloaded to processor 'ps7_cortexa9_0'.
17:15:13 INFO  : 'configparams force-mem-access 0' command is executed.
17:15:13 INFO  : ----------------XSDB Script----------------
connect -url tcp:127.0.0.1:3121
targets -set -nocase -filter {name =~"APU*"}
rst -system
after 3000
targets -set -filter {jtag_cable_name =~ "Digilent Zybo Z7 210351A77E63A" && level==0 && jtag_device_ctx=="jsn-Zybo Z7-210351A77E63A-13722093-0"}
fpga -file F:/Xilinx/Projects/gif402-amorce-projet-main/travail/project/_ide/bitstream/atelier4_wrapper.bit
targets -set -nocase -filter {name =~"APU*"}
loadhw -hw F:/Xilinx/Projects/gif402-amorce-projet-main/travail/atelier4_wrapper/export/atelier4_wrapper/hw/atelier4_wrapper.xsa -mem-ranges [list {0x40000000 0xbfffffff}] -regs
configparams force-mem-access 1
targets -set -nocase -filter {name =~"APU*"}
source F:/Xilinx/Projects/gif402-amorce-projet-main/travail/project/_ide/psinit/ps7_init.tcl
ps7_init
ps7_post_config
targets -set -nocase -filter {name =~ "*A9*#0"}
dow F:/Xilinx/Projects/gif402-amorce-projet-main/travail/project/Debug/project.elf
configparams force-mem-access 0
----------------End of Script----------------

17:15:13 INFO  : Context for processor 'ps7_cortexa9_0' is selected.
17:15:13 INFO  : 'con' command is executed.
17:15:13 INFO  : ----------------XSDB Script (After Launch)----------------
targets -set -nocase -filter {name =~ "*A9*#0"}
con
----------------End of Script----------------

17:15:13 INFO  : Launch script is exported to file 'F:\Xilinx\Projects\gif402-amorce-projet-main\travail\project_system\_ide\scripts\systemdebugger_project_system_1_standalone.tcl'
17:16:28 INFO  : Hardware specification for platform project 'atelier4_wrapper' is updated.
17:16:36 INFO  : Result from executing command 'getProjects': atelier4_wrapper
17:16:36 INFO  : Result from executing command 'getPlatforms': atelier4_wrapper|F:/Xilinx/Projects/gif402-amorce-projet-main/travail/atelier4_wrapper/export/atelier4_wrapper/atelier4_wrapper.xpfm
17:16:50 INFO  : Checking for BSP changes to sync application flags for project 'project'...
17:16:51 INFO  : The hardware specfication used by project 'project' is out of sync with the platform. Resource files extracted from the hardware specfiication will be updated.
17:16:51 INFO  : The file 'F:\Xilinx\Projects\gif402-amorce-projet-main\travail\project\_ide\bitstream\atelier4_wrapper.bit' stored in project is removed.
17:16:51 INFO  : The updated bitstream files are copied from platform to folder 'F:\Xilinx\Projects\gif402-amorce-projet-main\travail\project\_ide\bitstream' in project 'project'.
17:16:51 INFO  : The file 'F:\Xilinx\Projects\gif402-amorce-projet-main\travail\project\_ide\psinit\ps7_init.tcl' stored in project is removed.
17:16:55 INFO  : The updated ps init files are copied from platform to folder 'F:\Xilinx\Projects\gif402-amorce-projet-main\travail\project\_ide\psinit' in project 'project'.
17:17:08 INFO  : Disconnected from the channel tcfchan#19.
17:17:09 INFO  : Connected to target on host '127.0.0.1' and port '3121'.
17:17:10 INFO  : Jtag cable 'Digilent Zybo Z7 210351A77E63A' is selected.
17:17:10 INFO  : 'jtag frequency' command is executed.
17:17:10 INFO  : Context for 'APU' is selected.
17:17:10 INFO  : System reset is completed.
17:17:13 INFO  : 'after 3000' command is executed.
17:17:13 INFO  : 'targets -set -filter {jtag_cable_name =~ "Digilent Zybo Z7 210351A77E63A" && level==0 && jtag_device_ctx=="jsn-Zybo Z7-210351A77E63A-13722093-0"}' command is executed.
17:17:14 INFO  : Device configured successfully with "F:/Xilinx/Projects/gif402-amorce-projet-main/travail/project/_ide/bitstream/atelier4_wrapper.bit"
17:17:14 INFO  : Context for 'APU' is selected.
17:17:14 INFO  : Hardware design and registers information is loaded from 'F:/Xilinx/Projects/gif402-amorce-projet-main/travail/atelier4_wrapper/export/atelier4_wrapper/hw/atelier4_wrapper.xsa'.
17:17:14 INFO  : 'configparams force-mem-access 1' command is executed.
17:17:14 INFO  : Context for 'APU' is selected.
17:17:14 INFO  : Sourcing of 'F:/Xilinx/Projects/gif402-amorce-projet-main/travail/project/_ide/psinit/ps7_init.tcl' is done.
17:17:14 INFO  : 'ps7_init' command is executed.
17:17:14 INFO  : 'ps7_post_config' command is executed.
17:17:14 INFO  : Context for processor 'ps7_cortexa9_0' is selected.
17:17:15 INFO  : The application 'F:/Xilinx/Projects/gif402-amorce-projet-main/travail/project/Debug/project.elf' is downloaded to processor 'ps7_cortexa9_0'.
17:17:15 INFO  : 'configparams force-mem-access 0' command is executed.
17:17:15 INFO  : ----------------XSDB Script----------------
connect -url tcp:127.0.0.1:3121
targets -set -nocase -filter {name =~"APU*"}
rst -system
after 3000
targets -set -filter {jtag_cable_name =~ "Digilent Zybo Z7 210351A77E63A" && level==0 && jtag_device_ctx=="jsn-Zybo Z7-210351A77E63A-13722093-0"}
fpga -file F:/Xilinx/Projects/gif402-amorce-projet-main/travail/project/_ide/bitstream/atelier4_wrapper.bit
targets -set -nocase -filter {name =~"APU*"}
loadhw -hw F:/Xilinx/Projects/gif402-amorce-projet-main/travail/atelier4_wrapper/export/atelier4_wrapper/hw/atelier4_wrapper.xsa -mem-ranges [list {0x40000000 0xbfffffff}] -regs
configparams force-mem-access 1
targets -set -nocase -filter {name =~"APU*"}
source F:/Xilinx/Projects/gif402-amorce-projet-main/travail/project/_ide/psinit/ps7_init.tcl
ps7_init
ps7_post_config
targets -set -nocase -filter {name =~ "*A9*#0"}
dow F:/Xilinx/Projects/gif402-amorce-projet-main/travail/project/Debug/project.elf
configparams force-mem-access 0
----------------End of Script----------------

17:17:15 INFO  : Context for processor 'ps7_cortexa9_0' is selected.
17:17:15 INFO  : 'con' command is executed.
17:17:15 INFO  : ----------------XSDB Script (After Launch)----------------
targets -set -nocase -filter {name =~ "*A9*#0"}
con
----------------End of Script----------------

17:17:15 INFO  : Launch script is exported to file 'F:\Xilinx\Projects\gif402-amorce-projet-main\travail\project_system\_ide\scripts\systemdebugger_project_system_2_standalone.tcl'
17:26:51 INFO  : Hardware specification for platform project 'atelier4_wrapper' is updated.
17:26:59 INFO  : Result from executing command 'getProjects': atelier4_wrapper
17:26:59 INFO  : Result from executing command 'getPlatforms': 
17:27:09 INFO  : Checking for BSP changes to sync application flags for project 'project'...
17:27:11 INFO  : The hardware specfication used by project 'project' is out of sync with the platform. Resource files extracted from the hardware specfiication will be updated.
17:27:11 INFO  : The file 'F:\Xilinx\Projects\gif402-amorce-projet-main\travail\project\_ide\bitstream\atelier4_wrapper.bit' stored in project is removed.
17:27:11 INFO  : The updated bitstream files are copied from platform to folder 'F:\Xilinx\Projects\gif402-amorce-projet-main\travail\project\_ide\bitstream' in project 'project'.
17:27:11 INFO  : The file 'F:\Xilinx\Projects\gif402-amorce-projet-main\travail\project\_ide\psinit\ps7_init.tcl' stored in project is removed.
17:27:14 INFO  : The updated ps init files are copied from platform to folder 'F:\Xilinx\Projects\gif402-amorce-projet-main\travail\project\_ide\psinit' in project 'project'.
17:27:48 INFO  : Disconnected from the channel tcfchan#22.
17:27:50 INFO  : Connected to target on host '127.0.0.1' and port '3121'.
17:27:50 INFO  : Jtag cable 'Digilent Zybo Z7 210351A77E63A' is selected.
17:27:50 INFO  : 'jtag frequency' command is executed.
17:27:50 INFO  : Context for 'APU' is selected.
17:27:50 INFO  : System reset is completed.
17:27:53 INFO  : 'after 3000' command is executed.
17:27:53 INFO  : 'targets -set -filter {jtag_cable_name =~ "Digilent Zybo Z7 210351A77E63A" && level==0 && jtag_device_ctx=="jsn-Zybo Z7-210351A77E63A-13722093-0"}' command is executed.
17:27:54 INFO  : Device configured successfully with "F:/Xilinx/Projects/gif402-amorce-projet-main/travail/project/_ide/bitstream/atelier4_wrapper.bit"
17:27:54 INFO  : Context for 'APU' is selected.
17:27:54 INFO  : Hardware design and registers information is loaded from 'F:/Xilinx/Projects/gif402-amorce-projet-main/travail/atelier4_wrapper/export/atelier4_wrapper/hw/atelier4_wrapper.xsa'.
17:27:54 INFO  : 'configparams force-mem-access 1' command is executed.
17:27:54 INFO  : Context for 'APU' is selected.
17:27:54 INFO  : Sourcing of 'F:/Xilinx/Projects/gif402-amorce-projet-main/travail/project/_ide/psinit/ps7_init.tcl' is done.
17:27:54 INFO  : 'ps7_init' command is executed.
17:27:54 INFO  : 'ps7_post_config' command is executed.
17:27:54 INFO  : Context for processor 'ps7_cortexa9_0' is selected.
17:27:55 INFO  : The application 'F:/Xilinx/Projects/gif402-amorce-projet-main/travail/project/Debug/project.elf' is downloaded to processor 'ps7_cortexa9_0'.
17:27:55 INFO  : 'configparams force-mem-access 0' command is executed.
17:27:55 INFO  : ----------------XSDB Script----------------
connect -url tcp:127.0.0.1:3121
targets -set -nocase -filter {name =~"APU*"}
rst -system
after 3000
targets -set -filter {jtag_cable_name =~ "Digilent Zybo Z7 210351A77E63A" && level==0 && jtag_device_ctx=="jsn-Zybo Z7-210351A77E63A-13722093-0"}
fpga -file F:/Xilinx/Projects/gif402-amorce-projet-main/travail/project/_ide/bitstream/atelier4_wrapper.bit
targets -set -nocase -filter {name =~"APU*"}
loadhw -hw F:/Xilinx/Projects/gif402-amorce-projet-main/travail/atelier4_wrapper/export/atelier4_wrapper/hw/atelier4_wrapper.xsa -mem-ranges [list {0x40000000 0xbfffffff}] -regs
configparams force-mem-access 1
targets -set -nocase -filter {name =~"APU*"}
source F:/Xilinx/Projects/gif402-amorce-projet-main/travail/project/_ide/psinit/ps7_init.tcl
ps7_init
ps7_post_config
targets -set -nocase -filter {name =~ "*A9*#0"}
dow F:/Xilinx/Projects/gif402-amorce-projet-main/travail/project/Debug/project.elf
configparams force-mem-access 0
----------------End of Script----------------

17:27:55 INFO  : Context for processor 'ps7_cortexa9_0' is selected.
17:27:55 INFO  : 'con' command is executed.
17:27:55 INFO  : ----------------XSDB Script (After Launch)----------------
targets -set -nocase -filter {name =~ "*A9*#0"}
con
----------------End of Script----------------

17:27:55 INFO  : Launch script is exported to file 'F:\Xilinx\Projects\gif402-amorce-projet-main\travail\project_system\_ide\scripts\systemdebugger_project_system_3_standalone.tcl'
17:39:31 INFO  : Hardware specification for platform project 'atelier4_wrapper' is updated.
17:39:38 INFO  : Result from executing command 'getProjects': atelier4_wrapper
17:39:38 INFO  : Result from executing command 'getPlatforms': atelier4_wrapper|F:/Xilinx/Projects/gif402-amorce-projet-main/travail/atelier4_wrapper/export/atelier4_wrapper/atelier4_wrapper.xpfm
17:39:46 INFO  : Checking for BSP changes to sync application flags for project 'project'...
17:39:47 INFO  : The hardware specfication used by project 'project' is out of sync with the platform. Resource files extracted from the hardware specfiication will be updated.
17:39:47 INFO  : The file 'F:\Xilinx\Projects\gif402-amorce-projet-main\travail\project\_ide\bitstream\atelier4_wrapper.bit' stored in project is removed.
17:39:47 INFO  : The updated bitstream files are copied from platform to folder 'F:\Xilinx\Projects\gif402-amorce-projet-main\travail\project\_ide\bitstream' in project 'project'.
17:39:47 INFO  : The file 'F:\Xilinx\Projects\gif402-amorce-projet-main\travail\project\_ide\psinit\ps7_init.tcl' stored in project is removed.
17:39:51 INFO  : The updated ps init files are copied from platform to folder 'F:\Xilinx\Projects\gif402-amorce-projet-main\travail\project\_ide\psinit' in project 'project'.
17:40:24 INFO  : Disconnected from the channel tcfchan#25.
17:40:25 INFO  : Connected to target on host '127.0.0.1' and port '3121'.
17:40:25 INFO  : Jtag cable 'Digilent Zybo Z7 210351A77E63A' is selected.
17:40:25 INFO  : 'jtag frequency' command is executed.
17:40:25 INFO  : Context for 'APU' is selected.
17:40:25 INFO  : System reset is completed.
17:40:28 INFO  : 'after 3000' command is executed.
17:40:28 INFO  : 'targets -set -filter {jtag_cable_name =~ "Digilent Zybo Z7 210351A77E63A" && level==0 && jtag_device_ctx=="jsn-Zybo Z7-210351A77E63A-13722093-0"}' command is executed.
17:40:29 INFO  : Device configured successfully with "F:/Xilinx/Projects/gif402-amorce-projet-main/travail/project/_ide/bitstream/atelier4_wrapper.bit"
17:40:29 INFO  : Context for 'APU' is selected.
17:40:29 INFO  : Hardware design and registers information is loaded from 'F:/Xilinx/Projects/gif402-amorce-projet-main/travail/atelier4_wrapper/export/atelier4_wrapper/hw/atelier4_wrapper.xsa'.
17:40:29 INFO  : 'configparams force-mem-access 1' command is executed.
17:40:29 INFO  : Context for 'APU' is selected.
17:40:29 INFO  : Sourcing of 'F:/Xilinx/Projects/gif402-amorce-projet-main/travail/project/_ide/psinit/ps7_init.tcl' is done.
17:40:30 INFO  : 'ps7_init' command is executed.
17:40:30 INFO  : 'ps7_post_config' command is executed.
17:40:30 INFO  : Context for processor 'ps7_cortexa9_0' is selected.
17:40:30 INFO  : The application 'F:/Xilinx/Projects/gif402-amorce-projet-main/travail/project/Debug/project.elf' is downloaded to processor 'ps7_cortexa9_0'.
17:40:30 INFO  : 'configparams force-mem-access 0' command is executed.
17:40:30 INFO  : ----------------XSDB Script----------------
connect -url tcp:127.0.0.1:3121
targets -set -nocase -filter {name =~"APU*"}
rst -system
after 3000
targets -set -filter {jtag_cable_name =~ "Digilent Zybo Z7 210351A77E63A" && level==0 && jtag_device_ctx=="jsn-Zybo Z7-210351A77E63A-13722093-0"}
fpga -file F:/Xilinx/Projects/gif402-amorce-projet-main/travail/project/_ide/bitstream/atelier4_wrapper.bit
targets -set -nocase -filter {name =~"APU*"}
loadhw -hw F:/Xilinx/Projects/gif402-amorce-projet-main/travail/atelier4_wrapper/export/atelier4_wrapper/hw/atelier4_wrapper.xsa -mem-ranges [list {0x40000000 0xbfffffff}] -regs
configparams force-mem-access 1
targets -set -nocase -filter {name =~"APU*"}
source F:/Xilinx/Projects/gif402-amorce-projet-main/travail/project/_ide/psinit/ps7_init.tcl
ps7_init
ps7_post_config
targets -set -nocase -filter {name =~ "*A9*#0"}
dow F:/Xilinx/Projects/gif402-amorce-projet-main/travail/project/Debug/project.elf
configparams force-mem-access 0
----------------End of Script----------------

17:40:30 INFO  : Context for processor 'ps7_cortexa9_0' is selected.
17:40:30 INFO  : 'con' command is executed.
17:40:30 INFO  : ----------------XSDB Script (After Launch)----------------
targets -set -nocase -filter {name =~ "*A9*#0"}
con
----------------End of Script----------------

17:40:30 INFO  : Launch script is exported to file 'F:\Xilinx\Projects\gif402-amorce-projet-main\travail\project_system\_ide\scripts\systemdebugger_project_system_4_standalone.tcl'
17:49:46 INFO  : Hardware specification for platform project 'atelier4_wrapper' is updated.
17:49:56 INFO  : Result from executing command 'getProjects': atelier4_wrapper
17:49:56 INFO  : Result from executing command 'getPlatforms': atelier4_wrapper|F:/Xilinx/Projects/gif402-amorce-projet-main/travail/atelier4_wrapper/export/atelier4_wrapper/atelier4_wrapper.xpfm
17:50:16 INFO  : Checking for BSP changes to sync application flags for project 'project'...
17:50:17 INFO  : The hardware specfication used by project 'project' is out of sync with the platform. Resource files extracted from the hardware specfiication will be updated.
17:50:17 INFO  : The file 'F:\Xilinx\Projects\gif402-amorce-projet-main\travail\project\_ide\bitstream\atelier4_wrapper.bit' stored in project is removed.
17:50:17 INFO  : The updated bitstream files are copied from platform to folder 'F:\Xilinx\Projects\gif402-amorce-projet-main\travail\project\_ide\bitstream' in project 'project'.
17:50:17 INFO  : The file 'F:\Xilinx\Projects\gif402-amorce-projet-main\travail\project\_ide\psinit\ps7_init.tcl' stored in project is removed.
17:50:21 INFO  : The updated ps init files are copied from platform to folder 'F:\Xilinx\Projects\gif402-amorce-projet-main\travail\project\_ide\psinit' in project 'project'.
17:50:56 INFO  : Disconnected from the channel tcfchan#28.
17:50:57 INFO  : Connected to target on host '127.0.0.1' and port '3121'.
17:50:57 INFO  : Jtag cable 'Digilent Zybo Z7 210351A77E63A' is selected.
17:50:57 INFO  : 'jtag frequency' command is executed.
17:50:57 INFO  : Context for 'APU' is selected.
17:50:57 INFO  : System reset is completed.
17:51:00 INFO  : 'after 3000' command is executed.
17:51:00 INFO  : 'targets -set -filter {jtag_cable_name =~ "Digilent Zybo Z7 210351A77E63A" && level==0 && jtag_device_ctx=="jsn-Zybo Z7-210351A77E63A-13722093-0"}' command is executed.
17:51:01 INFO  : Device configured successfully with "F:/Xilinx/Projects/gif402-amorce-projet-main/travail/project/_ide/bitstream/atelier4_wrapper.bit"
17:51:01 INFO  : Context for 'APU' is selected.
17:51:01 INFO  : Hardware design and registers information is loaded from 'F:/Xilinx/Projects/gif402-amorce-projet-main/travail/atelier4_wrapper/export/atelier4_wrapper/hw/atelier4_wrapper.xsa'.
17:51:01 INFO  : 'configparams force-mem-access 1' command is executed.
17:51:01 INFO  : Context for 'APU' is selected.
17:51:01 INFO  : Sourcing of 'F:/Xilinx/Projects/gif402-amorce-projet-main/travail/project/_ide/psinit/ps7_init.tcl' is done.
17:51:01 INFO  : 'ps7_init' command is executed.
17:51:01 INFO  : 'ps7_post_config' command is executed.
17:51:01 INFO  : Context for processor 'ps7_cortexa9_0' is selected.
17:51:02 INFO  : The application 'F:/Xilinx/Projects/gif402-amorce-projet-main/travail/project/Debug/project.elf' is downloaded to processor 'ps7_cortexa9_0'.
17:51:02 INFO  : 'configparams force-mem-access 0' command is executed.
17:51:02 INFO  : ----------------XSDB Script----------------
connect -url tcp:127.0.0.1:3121
targets -set -nocase -filter {name =~"APU*"}
rst -system
after 3000
targets -set -filter {jtag_cable_name =~ "Digilent Zybo Z7 210351A77E63A" && level==0 && jtag_device_ctx=="jsn-Zybo Z7-210351A77E63A-13722093-0"}
fpga -file F:/Xilinx/Projects/gif402-amorce-projet-main/travail/project/_ide/bitstream/atelier4_wrapper.bit
targets -set -nocase -filter {name =~"APU*"}
loadhw -hw F:/Xilinx/Projects/gif402-amorce-projet-main/travail/atelier4_wrapper/export/atelier4_wrapper/hw/atelier4_wrapper.xsa -mem-ranges [list {0x40000000 0xbfffffff}] -regs
configparams force-mem-access 1
targets -set -nocase -filter {name =~"APU*"}
source F:/Xilinx/Projects/gif402-amorce-projet-main/travail/project/_ide/psinit/ps7_init.tcl
ps7_init
ps7_post_config
targets -set -nocase -filter {name =~ "*A9*#0"}
dow F:/Xilinx/Projects/gif402-amorce-projet-main/travail/project/Debug/project.elf
configparams force-mem-access 0
----------------End of Script----------------

17:51:02 INFO  : Context for processor 'ps7_cortexa9_0' is selected.
17:51:02 INFO  : 'con' command is executed.
17:51:02 INFO  : ----------------XSDB Script (After Launch)----------------
targets -set -nocase -filter {name =~ "*A9*#0"}
con
----------------End of Script----------------

17:51:02 INFO  : Launch script is exported to file 'F:\Xilinx\Projects\gif402-amorce-projet-main\travail\project_system\_ide\scripts\systemdebugger_project_system_5_standalone.tcl'
17:54:47 INFO  : Disconnected from the channel tcfchan#31.
17:54:48 INFO  : Connected to target on host '127.0.0.1' and port '3121'.
17:54:48 INFO  : Jtag cable 'Digilent Zybo Z7 210351A77E63A' is selected.
17:54:48 INFO  : 'jtag frequency' command is executed.
17:54:48 INFO  : Context for 'APU' is selected.
17:54:48 INFO  : System reset is completed.
17:54:51 INFO  : 'after 3000' command is executed.
17:54:51 INFO  : 'targets -set -filter {jtag_cable_name =~ "Digilent Zybo Z7 210351A77E63A" && level==0 && jtag_device_ctx=="jsn-Zybo Z7-210351A77E63A-13722093-0"}' command is executed.
17:54:53 INFO  : Device configured successfully with "F:/Xilinx/Projects/gif402-amorce-projet-main/travail/project/_ide/bitstream/atelier4_wrapper.bit"
17:54:53 INFO  : Context for 'APU' is selected.
17:54:53 INFO  : Hardware design and registers information is loaded from 'F:/Xilinx/Projects/gif402-amorce-projet-main/travail/atelier4_wrapper/export/atelier4_wrapper/hw/atelier4_wrapper.xsa'.
17:54:53 INFO  : 'configparams force-mem-access 1' command is executed.
17:54:53 INFO  : Context for 'APU' is selected.
17:54:53 INFO  : Sourcing of 'F:/Xilinx/Projects/gif402-amorce-projet-main/travail/project/_ide/psinit/ps7_init.tcl' is done.
17:54:53 INFO  : 'ps7_init' command is executed.
17:54:53 INFO  : 'ps7_post_config' command is executed.
17:54:53 INFO  : Context for processor 'ps7_cortexa9_0' is selected.
17:54:53 INFO  : The application 'F:/Xilinx/Projects/gif402-amorce-projet-main/travail/project/Debug/project.elf' is downloaded to processor 'ps7_cortexa9_0'.
17:54:53 INFO  : 'configparams force-mem-access 0' command is executed.
17:54:53 INFO  : ----------------XSDB Script----------------
connect -url tcp:127.0.0.1:3121
targets -set -nocase -filter {name =~"APU*"}
rst -system
after 3000
targets -set -filter {jtag_cable_name =~ "Digilent Zybo Z7 210351A77E63A" && level==0 && jtag_device_ctx=="jsn-Zybo Z7-210351A77E63A-13722093-0"}
fpga -file F:/Xilinx/Projects/gif402-amorce-projet-main/travail/project/_ide/bitstream/atelier4_wrapper.bit
targets -set -nocase -filter {name =~"APU*"}
loadhw -hw F:/Xilinx/Projects/gif402-amorce-projet-main/travail/atelier4_wrapper/export/atelier4_wrapper/hw/atelier4_wrapper.xsa -mem-ranges [list {0x40000000 0xbfffffff}] -regs
configparams force-mem-access 1
targets -set -nocase -filter {name =~"APU*"}
source F:/Xilinx/Projects/gif402-amorce-projet-main/travail/project/_ide/psinit/ps7_init.tcl
ps7_init
ps7_post_config
targets -set -nocase -filter {name =~ "*A9*#0"}
dow F:/Xilinx/Projects/gif402-amorce-projet-main/travail/project/Debug/project.elf
configparams force-mem-access 0
----------------End of Script----------------

17:54:53 INFO  : Context for processor 'ps7_cortexa9_0' is selected.
17:54:53 INFO  : 'con' command is executed.
17:54:53 INFO  : ----------------XSDB Script (After Launch)----------------
targets -set -nocase -filter {name =~ "*A9*#0"}
con
----------------End of Script----------------

17:54:53 INFO  : Launch script is exported to file 'F:\Xilinx\Projects\gif402-amorce-projet-main\travail\project_system\_ide\scripts\systemdebugger_project_system_3_standalone.tcl'
17:55:05 INFO  : Disconnected from the channel tcfchan#32.
17:55:06 INFO  : Connected to target on host '127.0.0.1' and port '3121'.
17:55:06 INFO  : Jtag cable 'Digilent Zybo Z7 210351A77E63A' is selected.
17:55:06 INFO  : 'jtag frequency' command is executed.
17:55:06 INFO  : Context for 'APU' is selected.
17:55:06 INFO  : System reset is completed.
17:55:09 INFO  : 'after 3000' command is executed.
17:55:09 INFO  : 'targets -set -filter {jtag_cable_name =~ "Digilent Zybo Z7 210351A77E63A" && level==0 && jtag_device_ctx=="jsn-Zybo Z7-210351A77E63A-13722093-0"}' command is executed.
17:55:10 INFO  : Device configured successfully with "F:/Xilinx/Projects/gif402-amorce-projet-main/travail/project/_ide/bitstream/atelier4_wrapper.bit"
17:55:10 INFO  : Context for 'APU' is selected.
17:55:10 INFO  : Hardware design and registers information is loaded from 'F:/Xilinx/Projects/gif402-amorce-projet-main/travail/atelier4_wrapper/export/atelier4_wrapper/hw/atelier4_wrapper.xsa'.
17:55:10 INFO  : 'configparams force-mem-access 1' command is executed.
17:55:10 INFO  : Context for 'APU' is selected.
17:55:10 INFO  : Sourcing of 'F:/Xilinx/Projects/gif402-amorce-projet-main/travail/project/_ide/psinit/ps7_init.tcl' is done.
17:55:10 INFO  : 'ps7_init' command is executed.
17:55:10 INFO  : 'ps7_post_config' command is executed.
17:55:10 INFO  : Context for processor 'ps7_cortexa9_0' is selected.
17:55:11 INFO  : The application 'F:/Xilinx/Projects/gif402-amorce-projet-main/travail/project/Debug/project.elf' is downloaded to processor 'ps7_cortexa9_0'.
17:55:11 INFO  : 'configparams force-mem-access 0' command is executed.
17:55:11 INFO  : ----------------XSDB Script----------------
connect -url tcp:127.0.0.1:3121
targets -set -nocase -filter {name =~"APU*"}
rst -system
after 3000
targets -set -filter {jtag_cable_name =~ "Digilent Zybo Z7 210351A77E63A" && level==0 && jtag_device_ctx=="jsn-Zybo Z7-210351A77E63A-13722093-0"}
fpga -file F:/Xilinx/Projects/gif402-amorce-projet-main/travail/project/_ide/bitstream/atelier4_wrapper.bit
targets -set -nocase -filter {name =~"APU*"}
loadhw -hw F:/Xilinx/Projects/gif402-amorce-projet-main/travail/atelier4_wrapper/export/atelier4_wrapper/hw/atelier4_wrapper.xsa -mem-ranges [list {0x40000000 0xbfffffff}] -regs
configparams force-mem-access 1
targets -set -nocase -filter {name =~"APU*"}
source F:/Xilinx/Projects/gif402-amorce-projet-main/travail/project/_ide/psinit/ps7_init.tcl
ps7_init
ps7_post_config
targets -set -nocase -filter {name =~ "*A9*#0"}
dow F:/Xilinx/Projects/gif402-amorce-projet-main/travail/project/Debug/project.elf
configparams force-mem-access 0
----------------End of Script----------------

17:55:11 INFO  : Context for processor 'ps7_cortexa9_0' is selected.
17:55:11 INFO  : 'con' command is executed.
17:55:11 INFO  : ----------------XSDB Script (After Launch)----------------
targets -set -nocase -filter {name =~ "*A9*#0"}
con
----------------End of Script----------------

17:55:11 INFO  : Launch script is exported to file 'F:\Xilinx\Projects\gif402-amorce-projet-main\travail\project_system\_ide\scripts\systemdebugger_project_system_standalone.tcl'
18:02:19 INFO  : Hardware specification for platform project 'atelier4_wrapper' is updated.
18:04:32 INFO  : Result from executing command 'getProjects': atelier4_wrapper
18:04:32 INFO  : Result from executing command 'getPlatforms': atelier4_wrapper|F:/Xilinx/Projects/gif402-amorce-projet-main/travail/atelier4_wrapper/export/atelier4_wrapper/atelier4_wrapper.xpfm
18:04:39 INFO  : Checking for BSP changes to sync application flags for project 'project'...
18:04:41 INFO  : The hardware specfication used by project 'project' is out of sync with the platform. Resource files extracted from the hardware specfiication will be updated.
18:04:41 INFO  : The file 'F:\Xilinx\Projects\gif402-amorce-projet-main\travail\project\_ide\bitstream\atelier4_wrapper.bit' stored in project is removed.
18:04:41 INFO  : The updated bitstream files are copied from platform to folder 'F:\Xilinx\Projects\gif402-amorce-projet-main\travail\project\_ide\bitstream' in project 'project'.
18:04:41 INFO  : The file 'F:\Xilinx\Projects\gif402-amorce-projet-main\travail\project\_ide\psinit\ps7_init.tcl' stored in project is removed.
18:04:44 INFO  : The updated ps init files are copied from platform to folder 'F:\Xilinx\Projects\gif402-amorce-projet-main\travail\project\_ide\psinit' in project 'project'.
18:05:03 INFO  : Disconnected from the channel tcfchan#33.
18:05:03 INFO  : Connected to target on host '127.0.0.1' and port '3121'.
18:05:03 INFO  : Jtag cable 'Digilent Zybo Z7 210351A77E63A' is selected.
18:05:03 INFO  : 'jtag frequency' command is executed.
18:05:03 INFO  : Context for 'APU' is selected.
18:05:03 INFO  : System reset is completed.
18:05:06 INFO  : 'after 3000' command is executed.
18:05:06 INFO  : 'targets -set -filter {jtag_cable_name =~ "Digilent Zybo Z7 210351A77E63A" && level==0 && jtag_device_ctx=="jsn-Zybo Z7-210351A77E63A-13722093-0"}' command is executed.
18:05:07 INFO  : Device configured successfully with "F:/Xilinx/Projects/gif402-amorce-projet-main/travail/project/_ide/bitstream/atelier4_wrapper.bit"
18:05:07 INFO  : Context for 'APU' is selected.
18:05:07 INFO  : Hardware design and registers information is loaded from 'F:/Xilinx/Projects/gif402-amorce-projet-main/travail/atelier4_wrapper/export/atelier4_wrapper/hw/atelier4_wrapper.xsa'.
18:05:07 INFO  : 'configparams force-mem-access 1' command is executed.
18:05:07 INFO  : Context for 'APU' is selected.
18:05:07 INFO  : Sourcing of 'F:/Xilinx/Projects/gif402-amorce-projet-main/travail/project/_ide/psinit/ps7_init.tcl' is done.
18:05:07 INFO  : 'ps7_init' command is executed.
18:05:07 INFO  : 'ps7_post_config' command is executed.
18:05:07 INFO  : Context for processor 'ps7_cortexa9_0' is selected.
18:05:08 INFO  : The application 'F:/Xilinx/Projects/gif402-amorce-projet-main/travail/project/Debug/project.elf' is downloaded to processor 'ps7_cortexa9_0'.
18:05:08 INFO  : 'configparams force-mem-access 0' command is executed.
18:05:08 INFO  : ----------------XSDB Script----------------
connect -url tcp:127.0.0.1:3121
targets -set -nocase -filter {name =~"APU*"}
rst -system
after 3000
targets -set -filter {jtag_cable_name =~ "Digilent Zybo Z7 210351A77E63A" && level==0 && jtag_device_ctx=="jsn-Zybo Z7-210351A77E63A-13722093-0"}
fpga -file F:/Xilinx/Projects/gif402-amorce-projet-main/travail/project/_ide/bitstream/atelier4_wrapper.bit
targets -set -nocase -filter {name =~"APU*"}
loadhw -hw F:/Xilinx/Projects/gif402-amorce-projet-main/travail/atelier4_wrapper/export/atelier4_wrapper/hw/atelier4_wrapper.xsa -mem-ranges [list {0x40000000 0xbfffffff}] -regs
configparams force-mem-access 1
targets -set -nocase -filter {name =~"APU*"}
source F:/Xilinx/Projects/gif402-amorce-projet-main/travail/project/_ide/psinit/ps7_init.tcl
ps7_init
ps7_post_config
targets -set -nocase -filter {name =~ "*A9*#0"}
dow F:/Xilinx/Projects/gif402-amorce-projet-main/travail/project/Debug/project.elf
configparams force-mem-access 0
----------------End of Script----------------

18:05:08 INFO  : Context for processor 'ps7_cortexa9_0' is selected.
18:05:08 INFO  : 'con' command is executed.
18:05:08 INFO  : ----------------XSDB Script (After Launch)----------------
targets -set -nocase -filter {name =~ "*A9*#0"}
con
----------------End of Script----------------

18:05:08 INFO  : Launch script is exported to file 'F:\Xilinx\Projects\gif402-amorce-projet-main\travail\project_system\_ide\scripts\systemdebugger_project_system_standalone.tcl'
18:05:20 INFO  : Disconnected from the channel tcfchan#36.
18:05:21 INFO  : Connected to target on host '127.0.0.1' and port '3121'.
18:05:21 INFO  : Jtag cable 'Digilent Zybo Z7 210351A77E63A' is selected.
18:05:21 INFO  : 'jtag frequency' command is executed.
18:05:21 INFO  : Context for 'APU' is selected.
18:05:21 INFO  : System reset is completed.
18:05:24 INFO  : 'after 3000' command is executed.
18:05:24 INFO  : 'targets -set -filter {jtag_cable_name =~ "Digilent Zybo Z7 210351A77E63A" && level==0 && jtag_device_ctx=="jsn-Zybo Z7-210351A77E63A-13722093-0"}' command is executed.
18:05:25 INFO  : Device configured successfully with "F:/Xilinx/Projects/gif402-amorce-projet-main/travail/project/_ide/bitstream/atelier4_wrapper.bit"
18:05:25 INFO  : Context for 'APU' is selected.
18:05:25 INFO  : Hardware design and registers information is loaded from 'F:/Xilinx/Projects/gif402-amorce-projet-main/travail/atelier4_wrapper/export/atelier4_wrapper/hw/atelier4_wrapper.xsa'.
18:05:25 INFO  : 'configparams force-mem-access 1' command is executed.
18:05:25 INFO  : Context for 'APU' is selected.
18:05:25 INFO  : Sourcing of 'F:/Xilinx/Projects/gif402-amorce-projet-main/travail/project/_ide/psinit/ps7_init.tcl' is done.
18:05:25 INFO  : 'ps7_init' command is executed.
18:05:25 INFO  : 'ps7_post_config' command is executed.
18:05:25 INFO  : Context for processor 'ps7_cortexa9_0' is selected.
18:05:26 INFO  : The application 'F:/Xilinx/Projects/gif402-amorce-projet-main/travail/project/Debug/project.elf' is downloaded to processor 'ps7_cortexa9_0'.
18:05:26 INFO  : 'configparams force-mem-access 0' command is executed.
18:05:26 INFO  : ----------------XSDB Script----------------
connect -url tcp:127.0.0.1:3121
targets -set -nocase -filter {name =~"APU*"}
rst -system
after 3000
targets -set -filter {jtag_cable_name =~ "Digilent Zybo Z7 210351A77E63A" && level==0 && jtag_device_ctx=="jsn-Zybo Z7-210351A77E63A-13722093-0"}
fpga -file F:/Xilinx/Projects/gif402-amorce-projet-main/travail/project/_ide/bitstream/atelier4_wrapper.bit
targets -set -nocase -filter {name =~"APU*"}
loadhw -hw F:/Xilinx/Projects/gif402-amorce-projet-main/travail/atelier4_wrapper/export/atelier4_wrapper/hw/atelier4_wrapper.xsa -mem-ranges [list {0x40000000 0xbfffffff}] -regs
configparams force-mem-access 1
targets -set -nocase -filter {name =~"APU*"}
source F:/Xilinx/Projects/gif402-amorce-projet-main/travail/project/_ide/psinit/ps7_init.tcl
ps7_init
ps7_post_config
targets -set -nocase -filter {name =~ "*A9*#0"}
dow F:/Xilinx/Projects/gif402-amorce-projet-main/travail/project/Debug/project.elf
configparams force-mem-access 0
----------------End of Script----------------

18:05:26 INFO  : Context for processor 'ps7_cortexa9_0' is selected.
18:05:26 INFO  : 'con' command is executed.
18:05:26 INFO  : ----------------XSDB Script (After Launch)----------------
targets -set -nocase -filter {name =~ "*A9*#0"}
con
----------------End of Script----------------

18:05:26 INFO  : Launch script is exported to file 'F:\Xilinx\Projects\gif402-amorce-projet-main\travail\project_system\_ide\scripts\systemdebugger_project_system_1_standalone.tcl'
18:13:05 INFO  : Hardware specification for platform project 'atelier4_wrapper' is updated.
18:13:18 INFO  : Result from executing command 'getProjects': atelier4_wrapper
18:13:18 INFO  : Result from executing command 'getPlatforms': atelier4_wrapper|F:/Xilinx/Projects/gif402-amorce-projet-main/travail/atelier4_wrapper/export/atelier4_wrapper/atelier4_wrapper.xpfm
18:16:10 INFO  : Checking for BSP changes to sync application flags for project 'project'...
18:16:12 INFO  : The hardware specfication used by project 'project' is out of sync with the platform. Resource files extracted from the hardware specfiication will be updated.
18:16:12 INFO  : The file 'F:\Xilinx\Projects\gif402-amorce-projet-main\travail\project\_ide\bitstream\atelier4_wrapper.bit' stored in project is removed.
18:16:12 INFO  : The updated bitstream files are copied from platform to folder 'F:\Xilinx\Projects\gif402-amorce-projet-main\travail\project\_ide\bitstream' in project 'project'.
18:16:12 INFO  : The file 'F:\Xilinx\Projects\gif402-amorce-projet-main\travail\project\_ide\psinit\ps7_init.tcl' stored in project is removed.
18:16:16 INFO  : The updated ps init files are copied from platform to folder 'F:\Xilinx\Projects\gif402-amorce-projet-main\travail\project\_ide\psinit' in project 'project'.
18:16:40 INFO  : Disconnected from the channel tcfchan#37.
18:16:41 INFO  : Connected to target on host '127.0.0.1' and port '3121'.
18:16:41 INFO  : Jtag cable 'Digilent Zybo Z7 210351A77E63A' is selected.
18:16:41 INFO  : 'jtag frequency' command is executed.
18:16:41 INFO  : Context for 'APU' is selected.
18:16:41 INFO  : System reset is completed.
18:16:44 INFO  : 'after 3000' command is executed.
18:16:44 INFO  : 'targets -set -filter {jtag_cable_name =~ "Digilent Zybo Z7 210351A77E63A" && level==0 && jtag_device_ctx=="jsn-Zybo Z7-210351A77E63A-13722093-0"}' command is executed.
18:16:45 INFO  : Device configured successfully with "F:/Xilinx/Projects/gif402-amorce-projet-main/travail/project/_ide/bitstream/atelier4_wrapper.bit"
18:16:45 INFO  : Context for 'APU' is selected.
18:16:45 INFO  : Hardware design and registers information is loaded from 'F:/Xilinx/Projects/gif402-amorce-projet-main/travail/atelier4_wrapper/export/atelier4_wrapper/hw/atelier4_wrapper.xsa'.
18:16:45 INFO  : 'configparams force-mem-access 1' command is executed.
18:16:45 INFO  : Context for 'APU' is selected.
18:16:45 INFO  : Sourcing of 'F:/Xilinx/Projects/gif402-amorce-projet-main/travail/project/_ide/psinit/ps7_init.tcl' is done.
18:16:46 INFO  : 'ps7_init' command is executed.
18:16:46 INFO  : 'ps7_post_config' command is executed.
18:16:46 INFO  : Context for processor 'ps7_cortexa9_0' is selected.
18:16:46 INFO  : The application 'F:/Xilinx/Projects/gif402-amorce-projet-main/travail/project/Debug/project.elf' is downloaded to processor 'ps7_cortexa9_0'.
18:16:46 INFO  : 'configparams force-mem-access 0' command is executed.
18:16:46 INFO  : ----------------XSDB Script----------------
connect -url tcp:127.0.0.1:3121
targets -set -nocase -filter {name =~"APU*"}
rst -system
after 3000
targets -set -filter {jtag_cable_name =~ "Digilent Zybo Z7 210351A77E63A" && level==0 && jtag_device_ctx=="jsn-Zybo Z7-210351A77E63A-13722093-0"}
fpga -file F:/Xilinx/Projects/gif402-amorce-projet-main/travail/project/_ide/bitstream/atelier4_wrapper.bit
targets -set -nocase -filter {name =~"APU*"}
loadhw -hw F:/Xilinx/Projects/gif402-amorce-projet-main/travail/atelier4_wrapper/export/atelier4_wrapper/hw/atelier4_wrapper.xsa -mem-ranges [list {0x40000000 0xbfffffff}] -regs
configparams force-mem-access 1
targets -set -nocase -filter {name =~"APU*"}
source F:/Xilinx/Projects/gif402-amorce-projet-main/travail/project/_ide/psinit/ps7_init.tcl
ps7_init
ps7_post_config
targets -set -nocase -filter {name =~ "*A9*#0"}
dow F:/Xilinx/Projects/gif402-amorce-projet-main/travail/project/Debug/project.elf
configparams force-mem-access 0
----------------End of Script----------------

18:16:46 INFO  : Context for processor 'ps7_cortexa9_0' is selected.
18:16:46 INFO  : 'con' command is executed.
18:16:46 INFO  : ----------------XSDB Script (After Launch)----------------
targets -set -nocase -filter {name =~ "*A9*#0"}
con
----------------End of Script----------------

18:16:46 INFO  : Launch script is exported to file 'F:\Xilinx\Projects\gif402-amorce-projet-main\travail\project_system\_ide\scripts\systemdebugger_project_system_standalone.tcl'
18:30:16 INFO  : Hardware specification for platform project 'atelier4_wrapper' is updated.
18:30:35 INFO  : Result from executing command 'getProjects': atelier4_wrapper
18:30:35 INFO  : Result from executing command 'getPlatforms': atelier4_wrapper|F:/Xilinx/Projects/gif402-amorce-projet-main/travail/atelier4_wrapper/export/atelier4_wrapper/atelier4_wrapper.xpfm
18:30:42 INFO  : Checking for BSP changes to sync application flags for project 'project'...
18:30:44 INFO  : The hardware specfication used by project 'project' is out of sync with the platform. Resource files extracted from the hardware specfiication will be updated.
18:30:44 INFO  : The file 'F:\Xilinx\Projects\gif402-amorce-projet-main\travail\project\_ide\bitstream\atelier4_wrapper.bit' stored in project is removed.
18:30:44 INFO  : The updated bitstream files are copied from platform to folder 'F:\Xilinx\Projects\gif402-amorce-projet-main\travail\project\_ide\bitstream' in project 'project'.
18:30:44 INFO  : The file 'F:\Xilinx\Projects\gif402-amorce-projet-main\travail\project\_ide\psinit\ps7_init.tcl' stored in project is removed.
18:30:47 INFO  : The updated ps init files are copied from platform to folder 'F:\Xilinx\Projects\gif402-amorce-projet-main\travail\project\_ide\psinit' in project 'project'.
18:32:07 INFO  : Disconnected from the channel tcfchan#40.
18:32:07 INFO  : Connected to target on host '127.0.0.1' and port '3121'.
18:32:08 INFO  : Jtag cable 'Digilent Zybo Z7 210351A77E63A' is selected.
18:32:08 INFO  : 'jtag frequency' command is executed.
18:32:08 INFO  : Context for 'APU' is selected.
18:32:08 INFO  : System reset is completed.
18:32:11 INFO  : 'after 3000' command is executed.
18:32:11 INFO  : 'targets -set -filter {jtag_cable_name =~ "Digilent Zybo Z7 210351A77E63A" && level==0 && jtag_device_ctx=="jsn-Zybo Z7-210351A77E63A-13722093-0"}' command is executed.
18:32:12 INFO  : Device configured successfully with "F:/Xilinx/Projects/gif402-amorce-projet-main/travail/project/_ide/bitstream/atelier4_wrapper.bit"
18:32:12 INFO  : Context for 'APU' is selected.
18:32:12 INFO  : Hardware design and registers information is loaded from 'F:/Xilinx/Projects/gif402-amorce-projet-main/travail/atelier4_wrapper/export/atelier4_wrapper/hw/atelier4_wrapper.xsa'.
18:32:12 INFO  : 'configparams force-mem-access 1' command is executed.
18:32:12 INFO  : Context for 'APU' is selected.
18:32:12 INFO  : Sourcing of 'F:/Xilinx/Projects/gif402-amorce-projet-main/travail/project/_ide/psinit/ps7_init.tcl' is done.
18:32:12 INFO  : 'ps7_init' command is executed.
18:32:12 INFO  : 'ps7_post_config' command is executed.
18:32:12 INFO  : Context for processor 'ps7_cortexa9_0' is selected.
18:32:13 INFO  : The application 'F:/Xilinx/Projects/gif402-amorce-projet-main/travail/project/Debug/project.elf' is downloaded to processor 'ps7_cortexa9_0'.
18:32:13 INFO  : 'configparams force-mem-access 0' command is executed.
18:32:13 INFO  : ----------------XSDB Script----------------
connect -url tcp:127.0.0.1:3121
targets -set -nocase -filter {name =~"APU*"}
rst -system
after 3000
targets -set -filter {jtag_cable_name =~ "Digilent Zybo Z7 210351A77E63A" && level==0 && jtag_device_ctx=="jsn-Zybo Z7-210351A77E63A-13722093-0"}
fpga -file F:/Xilinx/Projects/gif402-amorce-projet-main/travail/project/_ide/bitstream/atelier4_wrapper.bit
targets -set -nocase -filter {name =~"APU*"}
loadhw -hw F:/Xilinx/Projects/gif402-amorce-projet-main/travail/atelier4_wrapper/export/atelier4_wrapper/hw/atelier4_wrapper.xsa -mem-ranges [list {0x40000000 0xbfffffff}] -regs
configparams force-mem-access 1
targets -set -nocase -filter {name =~"APU*"}
source F:/Xilinx/Projects/gif402-amorce-projet-main/travail/project/_ide/psinit/ps7_init.tcl
ps7_init
ps7_post_config
targets -set -nocase -filter {name =~ "*A9*#0"}
dow F:/Xilinx/Projects/gif402-amorce-projet-main/travail/project/Debug/project.elf
configparams force-mem-access 0
----------------End of Script----------------

18:32:13 INFO  : Context for processor 'ps7_cortexa9_0' is selected.
18:32:13 INFO  : 'con' command is executed.
18:32:13 INFO  : ----------------XSDB Script (After Launch)----------------
targets -set -nocase -filter {name =~ "*A9*#0"}
con
----------------End of Script----------------

18:32:13 INFO  : Launch script is exported to file 'F:\Xilinx\Projects\gif402-amorce-projet-main\travail\project_system\_ide\scripts\systemdebugger_project_system_standalone.tcl'
18:44:00 INFO  : Disconnected from the channel tcfchan#43.
18:44:00 INFO  : Connected to target on host '127.0.0.1' and port '3121'.
18:44:00 INFO  : Jtag cable 'Digilent Zybo Z7 210351A77E63A' is selected.
18:44:00 INFO  : 'jtag frequency' command is executed.
18:44:01 INFO  : Context for 'APU' is selected.
18:44:01 INFO  : System reset is completed.
18:44:04 INFO  : 'after 3000' command is executed.
18:44:04 INFO  : 'targets -set -filter {jtag_cable_name =~ "Digilent Zybo Z7 210351A77E63A" && level==0 && jtag_device_ctx=="jsn-Zybo Z7-210351A77E63A-13722093-0"}' command is executed.
18:44:05 INFO  : Device configured successfully with "F:/Xilinx/Projects/gif402-amorce-projet-main/travail/project/_ide/bitstream/atelier4_wrapper.bit"
18:44:05 INFO  : Context for 'APU' is selected.
18:44:05 INFO  : Hardware design and registers information is loaded from 'F:/Xilinx/Projects/gif402-amorce-projet-main/travail/atelier4_wrapper/export/atelier4_wrapper/hw/atelier4_wrapper.xsa'.
18:44:05 INFO  : 'configparams force-mem-access 1' command is executed.
18:44:05 INFO  : Context for 'APU' is selected.
18:44:05 INFO  : Sourcing of 'F:/Xilinx/Projects/gif402-amorce-projet-main/travail/project/_ide/psinit/ps7_init.tcl' is done.
18:44:05 INFO  : 'ps7_init' command is executed.
18:44:05 INFO  : 'ps7_post_config' command is executed.
18:44:05 INFO  : Context for processor 'ps7_cortexa9_0' is selected.
18:44:06 INFO  : The application 'F:/Xilinx/Projects/gif402-amorce-projet-main/travail/project/Debug/project.elf' is downloaded to processor 'ps7_cortexa9_0'.
18:44:06 INFO  : 'configparams force-mem-access 0' command is executed.
18:44:06 INFO  : ----------------XSDB Script----------------
connect -url tcp:127.0.0.1:3121
targets -set -nocase -filter {name =~"APU*"}
rst -system
after 3000
targets -set -filter {jtag_cable_name =~ "Digilent Zybo Z7 210351A77E63A" && level==0 && jtag_device_ctx=="jsn-Zybo Z7-210351A77E63A-13722093-0"}
fpga -file F:/Xilinx/Projects/gif402-amorce-projet-main/travail/project/_ide/bitstream/atelier4_wrapper.bit
targets -set -nocase -filter {name =~"APU*"}
loadhw -hw F:/Xilinx/Projects/gif402-amorce-projet-main/travail/atelier4_wrapper/export/atelier4_wrapper/hw/atelier4_wrapper.xsa -mem-ranges [list {0x40000000 0xbfffffff}] -regs
configparams force-mem-access 1
targets -set -nocase -filter {name =~"APU*"}
source F:/Xilinx/Projects/gif402-amorce-projet-main/travail/project/_ide/psinit/ps7_init.tcl
ps7_init
ps7_post_config
targets -set -nocase -filter {name =~ "*A9*#0"}
dow F:/Xilinx/Projects/gif402-amorce-projet-main/travail/project/Debug/project.elf
configparams force-mem-access 0
----------------End of Script----------------

18:44:06 INFO  : Context for processor 'ps7_cortexa9_0' is selected.
18:44:06 INFO  : 'con' command is executed.
18:44:06 INFO  : ----------------XSDB Script (After Launch)----------------
targets -set -nocase -filter {name =~ "*A9*#0"}
con
----------------End of Script----------------

18:44:06 INFO  : Launch script is exported to file 'F:\Xilinx\Projects\gif402-amorce-projet-main\travail\project_system\_ide\scripts\systemdebugger_project_system_standalone.tcl'
18:46:06 INFO  : Disconnected from the channel tcfchan#44.
